CRITICAL - 2023-03-12 16:08:56 --> Undefined property: stdClass::$name
in APPPATH\Views\user\list.php on line 8.
 1 APPPATH\Views\user\list.php(8): CodeIgniter\Debug\Exceptions->errorHandler(2, 'Undefined property: stdClass::$name', 'APPPATH\\Views\\user\\list.php', 8)
 2 SYSTEMPATH\View\View.php(213): include('APPPATH\\Views\\user\\list.php')
 3 SYSTEMPATH\View\View.php(216): CodeIgniter\View\View->CodeIgniter\View\{closure}()
 4 SYSTEMPATH\Common.php(1177): CodeIgniter\View\View->render('user/list', [], true)
 5 APPPATH\Controllers\User.php(10): view('user/list', [...])
 6 SYSTEMPATH\CodeIgniter.php(934): App\Controllers\User->list()
 7 SYSTEMPATH\CodeIgniter.php(499): CodeIgniter\CodeIgniter->runController(Object(App\Controllers\User))
 8 SYSTEMPATH\CodeIgniter.php(368): CodeIgniter\CodeIgniter->handleRequest(null, Object(Config\Cache), false)
 9 FCPATH\index.php(67): CodeIgniter\CodeIgniter->run()
CRITICAL - 2023-03-12 16:13:05 --> Undefined property: stdClass::$name
in APPPATH\Views\user\list.php on line 5.
 1 APPPATH\Views\user\list.php(5): CodeIgniter\Debug\Exceptions->errorHandler(2, 'Undefined property: stdClass::$name', 'APPPATH\\Views\\user\\list.php', 5)
 2 SYSTEMPATH\View\View.php(213): include('APPPATH\\Views\\user\\list.php')
 3 SYSTEMPATH\View\View.php(216): CodeIgniter\View\View->CodeIgniter\View\{closure}()
 4 SYSTEMPATH\Common.php(1177): CodeIgniter\View\View->render('user/list', [], true)
 5 APPPATH\Controllers\User.php(10): view('user/list', [...])
 6 SYSTEMPATH\CodeIgniter.php(934): App\Controllers\User->list()
 7 SYSTEMPATH\CodeIgniter.php(499): CodeIgniter\CodeIgniter->runController(Object(App\Controllers\User))
 8 SYSTEMPATH\CodeIgniter.php(368): CodeIgniter\CodeIgniter->handleRequest(null, Object(Config\Cache), false)
 9 FCPATH\index.php(67): CodeIgniter\CodeIgniter->run()
CRITICAL - 2023-03-12 16:13:07 --> Undefined property: stdClass::$name
in APPPATH\Views\user\list.php on line 5.
 1 APPPATH\Views\user\list.php(5): CodeIgniter\Debug\Exceptions->errorHandler(2, 'Undefined property: stdClass::$name', 'APPPATH\\Views\\user\\list.php', 5)
 2 SYSTEMPATH\View\View.php(213): include('APPPATH\\Views\\user\\list.php')
 3 SYSTEMPATH\View\View.php(216): CodeIgniter\View\View->CodeIgniter\View\{closure}()
 4 SYSTEMPATH\Common.php(1177): CodeIgniter\View\View->render('user/list', [], true)
 5 APPPATH\Controllers\User.php(10): view('user/list', [...])
 6 SYSTEMPATH\CodeIgniter.php(934): App\Controllers\User->list()
 7 SYSTEMPATH\CodeIgniter.php(499): CodeIgniter\CodeIgniter->runController(Object(App\Controllers\User))
 8 SYSTEMPATH\CodeIgniter.php(368): CodeIgniter\CodeIgniter->handleRequest(null, Object(Config\Cache), false)
 9 FCPATH\index.php(67): CodeIgniter\CodeIgniter->run()
CRITICAL - 2023-03-12 16:13:25 --> Invalid file: "user/card.php"
in SYSTEMPATH\Exceptions\FrameworkException.php on line 33.
 1 SYSTEMPATH\View\View.php(201): CodeIgniter\Exceptions\FrameworkException::forInvalidFile('user/card.php')
 2 SYSTEMPATH\Common.php(1177): CodeIgniter\View\View->render('user/card', [], true)
 3 APPPATH\Views\user\list.php(5): view('user/card', [...])
 4 SYSTEMPATH\View\View.php(213): include('APPPATH\\Views\\user\\list.php')
 5 SYSTEMPATH\View\View.php(216): CodeIgniter\View\View->CodeIgniter\View\{closure}()
 6 SYSTEMPATH\Common.php(1177): CodeIgniter\View\View->render('user/list', [], true)
 7 APPPATH\Controllers\User.php(10): view('user/list', [...])
 8 SYSTEMPATH\CodeIgniter.php(934): App\Controllers\User->list()
 9 SYSTEMPATH\CodeIgniter.php(499): CodeIgniter\CodeIgniter->runController(Object(App\Controllers\User))
10 SYSTEMPATH\CodeIgniter.php(368): CodeIgniter\CodeIgniter->handleRequest(null, Object(Config\Cache), false)
11 FCPATH\index.php(67): CodeIgniter\CodeIgniter->run()
CRITICAL - 2023-03-12 16:13:26 --> Invalid file: "user/card.php"
in SYSTEMPATH\Exceptions\FrameworkException.php on line 33.
 1 SYSTEMPATH\View\View.php(201): CodeIgniter\Exceptions\FrameworkException::forInvalidFile('user/card.php')
 2 SYSTEMPATH\Common.php(1177): CodeIgniter\View\View->render('user/card', [], true)
 3 APPPATH\Views\user\list.php(5): view('user/card', [...])
 4 SYSTEMPATH\View\View.php(213): include('APPPATH\\Views\\user\\list.php')
 5 SYSTEMPATH\View\View.php(216): CodeIgniter\View\View->CodeIgniter\View\{closure}()
 6 SYSTEMPATH\Common.php(1177): CodeIgniter\View\View->render('user/list', [], true)
 7 APPPATH\Controllers\User.php(10): view('user/list', [...])
 8 SYSTEMPATH\CodeIgniter.php(934): App\Controllers\User->list()
 9 SYSTEMPATH\CodeIgniter.php(499): CodeIgniter\CodeIgniter->runController(Object(App\Controllers\User))
10 SYSTEMPATH\CodeIgniter.php(368): CodeIgniter\CodeIgniter->handleRequest(null, Object(Config\Cache), false)
11 FCPATH\index.php(67): CodeIgniter\CodeIgniter->run()
CRITICAL - 2023-03-12 16:19:24 --> Undefined property: stdClass::$name
in APPPATH\Views\user\list.php on line 6.
 1 APPPATH\Views\user\list.php(6): CodeIgniter\Debug\Exceptions->errorHandler(2, 'Undefined property: stdClass::$name', 'APPPATH\\Views\\user\\list.php', 6)
 2 SYSTEMPATH\View\View.php(213): include('APPPATH\\Views\\user\\list.php')
 3 SYSTEMPATH\View\View.php(216): CodeIgniter\View\View->CodeIgniter\View\{closure}()
 4 SYSTEMPATH\Common.php(1177): CodeIgniter\View\View->render('user/list', [], true)
 5 APPPATH\Controllers\User.php(10): view('user/list', [...])
 6 SYSTEMPATH\CodeIgniter.php(934): App\Controllers\User->list()
 7 SYSTEMPATH\CodeIgniter.php(499): CodeIgniter\CodeIgniter->runController(Object(App\Controllers\User))
 8 SYSTEMPATH\CodeIgniter.php(368): CodeIgniter\CodeIgniter->handleRequest(null, Object(Config\Cache), false)
 9 FCPATH\index.php(67): CodeIgniter\CodeIgniter->run()
CRITICAL - 2023-03-12 16:19:25 --> Undefined property: stdClass::$name
in APPPATH\Views\user\list.php on line 6.
 1 APPPATH\Views\user\list.php(6): CodeIgniter\Debug\Exceptions->errorHandler(2, 'Undefined property: stdClass::$name', 'APPPATH\\Views\\user\\list.php', 6)
 2 SYSTEMPATH\View\View.php(213): include('APPPATH\\Views\\user\\list.php')
 3 SYSTEMPATH\View\View.php(216): CodeIgniter\View\View->CodeIgniter\View\{closure}()
 4 SYSTEMPATH\Common.php(1177): CodeIgniter\View\View->render('user/list', [], true)
 5 APPPATH\Controllers\User.php(10): view('user/list', [...])
 6 SYSTEMPATH\CodeIgniter.php(934): App\Controllers\User->list()
 7 SYSTEMPATH\CodeIgniter.php(499): CodeIgniter\CodeIgniter->runController(Object(App\Controllers\User))
 8 SYSTEMPATH\CodeIgniter.php(368): CodeIgniter\CodeIgniter->handleRequest(null, Object(Config\Cache), false)
 9 FCPATH\index.php(67): CodeIgniter\CodeIgniter->run()
CRITICAL - 2023-03-12 16:27:42 --> Invalid file: "user/card.tpl"
in SYSTEMPATH\Exceptions\FrameworkException.php on line 33.
 1 SYSTEMPATH\View\View.php(201): CodeIgniter\Exceptions\FrameworkException::forInvalidFile('user/card.tpl')
 2 SYSTEMPATH\Common.php(1177): CodeIgniter\View\View->render('user/card.tpl', [], true)
 3 APPPATH\Views\user\list.php(6): view('user/card.tpl', [...])
 4 SYSTEMPATH\View\View.php(213): include('APPPATH\\Views\\user\\list.php')
 5 SYSTEMPATH\View\View.php(216): CodeIgniter\View\View->CodeIgniter\View\{closure}()
 6 SYSTEMPATH\Common.php(1177): CodeIgniter\View\View->render('user/list', [], true)
 7 APPPATH\Controllers\User.php(10): view('user/list', [...])
 8 SYSTEMPATH\CodeIgniter.php(934): App\Controllers\User->list()
 9 SYSTEMPATH\CodeIgniter.php(499): CodeIgniter\CodeIgniter->runController(Object(App\Controllers\User))
10 SYSTEMPATH\CodeIgniter.php(368): CodeIgniter\CodeIgniter->handleRequest(null, Object(Config\Cache), false)
11 FCPATH\index.php(67): CodeIgniter\CodeIgniter->run()
CRITICAL - 2023-03-12 16:27:43 --> Invalid file: "user/card.tpl"
in SYSTEMPATH\Exceptions\FrameworkException.php on line 33.
 1 SYSTEMPATH\View\View.php(201): CodeIgniter\Exceptions\FrameworkException::forInvalidFile('user/card.tpl')
 2 SYSTEMPATH\Common.php(1177): CodeIgniter\View\View->render('user/card.tpl', [], true)
 3 APPPATH\Views\user\list.php(6): view('user/card.tpl', [...])
 4 SYSTEMPATH\View\View.php(213): include('APPPATH\\Views\\user\\list.php')
 5 SYSTEMPATH\View\View.php(216): CodeIgniter\View\View->CodeIgniter\View\{closure}()
 6 SYSTEMPATH\Common.php(1177): CodeIgniter\View\View->render('user/list', [], true)
 7 APPPATH\Controllers\User.php(10): view('user/list', [...])
 8 SYSTEMPATH\CodeIgniter.php(934): App\Controllers\User->list()
 9 SYSTEMPATH\CodeIgniter.php(499): CodeIgniter\CodeIgniter->runController(Object(App\Controllers\User))
10 SYSTEMPATH\CodeIgniter.php(368): CodeIgniter\CodeIgniter->handleRequest(null, Object(Config\Cache), false)
11 FCPATH\index.php(67): CodeIgniter\CodeIgniter->run()
CRITICAL - 2023-03-12 16:28:49 --> Invalid file: "user/card.tpl"
in SYSTEMPATH\Exceptions\FrameworkException.php on line 33.
 1 SYSTEMPATH\View\View.php(201): CodeIgniter\Exceptions\FrameworkException::forInvalidFile('user/card.tpl')
 2 SYSTEMPATH\Common.php(1177): CodeIgniter\View\View->render('user/card.tpl', [], true)
 3 APPPATH\Views\user\list.php(6): view('user/card.tpl', [...])
 4 SYSTEMPATH\View\View.php(213): include('APPPATH\\Views\\user\\list.php')
 5 SYSTEMPATH\View\View.php(216): CodeIgniter\View\View->CodeIgniter\View\{closure}()
 6 SYSTEMPATH\Common.php(1177): CodeIgniter\View\View->render('user/list', [], true)
 7 APPPATH\Controllers\User.php(10): view('user/list', [...])
 8 SYSTEMPATH\CodeIgniter.php(934): App\Controllers\User->list()
 9 SYSTEMPATH\CodeIgniter.php(499): CodeIgniter\CodeIgniter->runController(Object(App\Controllers\User))
10 SYSTEMPATH\CodeIgniter.php(368): CodeIgniter\CodeIgniter->handleRequest(null, Object(Config\Cache), false)
11 FCPATH\index.php(67): CodeIgniter\CodeIgniter->run()
CRITICAL - 2023-03-12 16:30:31 --> Invalid file: "user/card.tpl"
in SYSTEMPATH\Exceptions\FrameworkException.php on line 33.
 1 SYSTEMPATH\View\View.php(201): CodeIgniter\Exceptions\FrameworkException::forInvalidFile('user/card.tpl')
 2 SYSTEMPATH\Common.php(1177): CodeIgniter\View\View->render('user/card.tpl', [], true)
 3 APPPATH\Views\user\list.php(6): view('user/card.tpl', [...])
 4 SYSTEMPATH\View\View.php(213): include('APPPATH\\Views\\user\\list.php')
 5 SYSTEMPATH\View\View.php(216): CodeIgniter\View\View->CodeIgniter\View\{closure}()
 6 SYSTEMPATH\Common.php(1177): CodeIgniter\View\View->render('user/list', [], true)
 7 APPPATH\Controllers\User.php(10): view('user/list', [...])
 8 SYSTEMPATH\CodeIgniter.php(934): App\Controllers\User->list()
 9 SYSTEMPATH\CodeIgniter.php(499): CodeIgniter\CodeIgniter->runController(Object(App\Controllers\User))
10 SYSTEMPATH\CodeIgniter.php(368): CodeIgniter\CodeIgniter->handleRequest(null, Object(Config\Cache), false)
11 FCPATH\index.php(67): CodeIgniter\CodeIgniter->run()
CRITICAL - 2023-03-12 16:30:32 --> Invalid file: "user/card.tpl"
in SYSTEMPATH\Exceptions\FrameworkException.php on line 33.
 1 SYSTEMPATH\View\View.php(201): CodeIgniter\Exceptions\FrameworkException::forInvalidFile('user/card.tpl')
 2 SYSTEMPATH\Common.php(1177): CodeIgniter\View\View->render('user/card.tpl', [], true)
 3 APPPATH\Views\user\list.php(6): view('user/card.tpl', [...])
 4 SYSTEMPATH\View\View.php(213): include('APPPATH\\Views\\user\\list.php')
 5 SYSTEMPATH\View\View.php(216): CodeIgniter\View\View->CodeIgniter\View\{closure}()
 6 SYSTEMPATH\Common.php(1177): CodeIgniter\View\View->render('user/list', [], true)
 7 APPPATH\Controllers\User.php(10): view('user/list', [...])
 8 SYSTEMPATH\CodeIgniter.php(934): App\Controllers\User->list()
 9 SYSTEMPATH\CodeIgniter.php(499): CodeIgniter\CodeIgniter->runController(Object(App\Controllers\User))
10 SYSTEMPATH\CodeIgniter.php(368): CodeIgniter\CodeIgniter->handleRequest(null, Object(Config\Cache), false)
11 FCPATH\index.php(67): CodeIgniter\CodeIgniter->run()
CRITICAL - 2023-03-12 16:30:33 --> Invalid file: "user/card.tpl"
in SYSTEMPATH\Exceptions\FrameworkException.php on line 33.
 1 SYSTEMPATH\View\View.php(201): CodeIgniter\Exceptions\FrameworkException::forInvalidFile('user/card.tpl')
 2 SYSTEMPATH\Common.php(1177): CodeIgniter\View\View->render('user/card.tpl', [], true)
 3 APPPATH\Views\user\list.php(6): view('user/card.tpl', [...])
 4 SYSTEMPATH\View\View.php(213): include('APPPATH\\Views\\user\\list.php')
 5 SYSTEMPATH\View\View.php(216): CodeIgniter\View\View->CodeIgniter\View\{closure}()
 6 SYSTEMPATH\Common.php(1177): CodeIgniter\View\View->render('user/list', [], true)
 7 APPPATH\Controllers\User.php(10): view('user/list', [...])
 8 SYSTEMPATH\CodeIgniter.php(934): App\Controllers\User->list()
 9 SYSTEMPATH\CodeIgniter.php(499): CodeIgniter\CodeIgniter->runController(Object(App\Controllers\User))
10 SYSTEMPATH\CodeIgniter.php(368): CodeIgniter\CodeIgniter->handleRequest(null, Object(Config\Cache), false)
11 FCPATH\index.php(67): CodeIgniter\CodeIgniter->run()
CRITICAL - 2023-03-12 16:34:45 --> Call to a member function render() on string
in APPPATH\Views\user\list.php on line 6.
 1 SYSTEMPATH\View\View.php(213): include()
 2 SYSTEMPATH\View\View.php(216): CodeIgniter\View\View->CodeIgniter\View\{closure}()
 3 SYSTEMPATH\Common.php(1177): CodeIgniter\View\View->render('user/list', [], true)
 4 APPPATH\Controllers\User.php(10): view('user/list', [...])
 5 SYSTEMPATH\CodeIgniter.php(934): App\Controllers\User->list()
 6 SYSTEMPATH\CodeIgniter.php(499): CodeIgniter\CodeIgniter->runController(Object(App\Controllers\User))
 7 SYSTEMPATH\CodeIgniter.php(368): CodeIgniter\CodeIgniter->handleRequest(null, Object(Config\Cache), false)
 8 FCPATH\index.php(67): CodeIgniter\CodeIgniter->run()
CRITICAL - 2023-03-12 16:34:46 --> Call to a member function render() on string
in APPPATH\Views\user\list.php on line 6.
 1 SYSTEMPATH\View\View.php(213): include()
 2 SYSTEMPATH\View\View.php(216): CodeIgniter\View\View->CodeIgniter\View\{closure}()
 3 SYSTEMPATH\Common.php(1177): CodeIgniter\View\View->render('user/list', [], true)
 4 APPPATH\Controllers\User.php(10): view('user/list', [...])
 5 SYSTEMPATH\CodeIgniter.php(934): App\Controllers\User->list()
 6 SYSTEMPATH\CodeIgniter.php(499): CodeIgniter\CodeIgniter->runController(Object(App\Controllers\User))
 7 SYSTEMPATH\CodeIgniter.php(368): CodeIgniter\CodeIgniter->handleRequest(null, Object(Config\Cache), false)
 8 FCPATH\index.php(67): CodeIgniter\CodeIgniter->run()
CRITICAL - 2023-03-12 16:36:25 --> Call to a member function render() on string
in APPPATH\Views\user\list.php on line 6.
 1 SYSTEMPATH\View\View.php(213): include()
 2 SYSTEMPATH\View\View.php(216): CodeIgniter\View\View->CodeIgniter\View\{closure}()
 3 SYSTEMPATH\Common.php(1177): CodeIgniter\View\View->render('user/list', [], true)
 4 APPPATH\Controllers\User.php(10): view('user/list', [...])
 5 SYSTEMPATH\CodeIgniter.php(934): App\Controllers\User->list()
 6 SYSTEMPATH\CodeIgniter.php(499): CodeIgniter\CodeIgniter->runController(Object(App\Controllers\User))
 7 SYSTEMPATH\CodeIgniter.php(368): CodeIgniter\CodeIgniter->handleRequest(null, Object(Config\Cache), false)
 8 FCPATH\index.php(67): CodeIgniter\CodeIgniter->run()
CRITICAL - 2023-03-12 16:36:26 --> Call to a member function render() on string
in APPPATH\Views\user\list.php on line 6.
 1 SYSTEMPATH\View\View.php(213): include()
 2 SYSTEMPATH\View\View.php(216): CodeIgniter\View\View->CodeIgniter\View\{closure}()
 3 SYSTEMPATH\Common.php(1177): CodeIgniter\View\View->render('user/list', [], true)
 4 APPPATH\Controllers\User.php(10): view('user/list', [...])
 5 SYSTEMPATH\CodeIgniter.php(934): App\Controllers\User->list()
 6 SYSTEMPATH\CodeIgniter.php(499): CodeIgniter\CodeIgniter->runController(Object(App\Controllers\User))
 7 SYSTEMPATH\CodeIgniter.php(368): CodeIgniter\CodeIgniter->handleRequest(null, Object(Config\Cache), false)
 8 FCPATH\index.php(67): CodeIgniter\CodeIgniter->run()
CRITICAL - 2023-03-12 16:36:29 --> Call to a member function render() on string
in APPPATH\Views\user\list.php on line 6.
 1 SYSTEMPATH\View\View.php(213): include()
 2 SYSTEMPATH\View\View.php(216): CodeIgniter\View\View->CodeIgniter\View\{closure}()
 3 SYSTEMPATH\Common.php(1177): CodeIgniter\View\View->render('user/list', [], true)
 4 APPPATH\Controllers\User.php(10): view('user/list', [...])
 5 SYSTEMPATH\CodeIgniter.php(934): App\Controllers\User->list()
 6 SYSTEMPATH\CodeIgniter.php(499): CodeIgniter\CodeIgniter->runController(Object(App\Controllers\User))
 7 SYSTEMPATH\CodeIgniter.php(368): CodeIgniter\CodeIgniter->handleRequest(null, Object(Config\Cache), false)
 8 FCPATH\index.php(67): CodeIgniter\CodeIgniter->run()
CRITICAL - 2023-03-12 16:40:34 --> syntax error, unexpected token ";", expecting ":"
in APPPATH\Views\user\list.php on line 15.
 1 SYSTEMPATH\View\View.php(216): CodeIgniter\View\View->CodeIgniter\View\{closure}()
 2 SYSTEMPATH\Common.php(1177): CodeIgniter\View\View->render('user/list', [], true)
 3 APPPATH\Controllers\User.php(10): view('user/list', [...])
 4 SYSTEMPATH\CodeIgniter.php(934): App\Controllers\User->list()
 5 SYSTEMPATH\CodeIgniter.php(499): CodeIgniter\CodeIgniter->runController(Object(App\Controllers\User))
 6 SYSTEMPATH\CodeIgniter.php(368): CodeIgniter\CodeIgniter->handleRequest(null, Object(Config\Cache), false)
 7 FCPATH\index.php(67): CodeIgniter\CodeIgniter->run()
CRITICAL - 2023-03-12 16:40:35 --> syntax error, unexpected token ";", expecting ":"
in APPPATH\Views\user\list.php on line 15.
 1 SYSTEMPATH\View\View.php(216): CodeIgniter\View\View->CodeIgniter\View\{closure}()
 2 SYSTEMPATH\Common.php(1177): CodeIgniter\View\View->render('user/list', [], true)
 3 APPPATH\Controllers\User.php(10): view('user/list', [...])
 4 SYSTEMPATH\CodeIgniter.php(934): App\Controllers\User->list()
 5 SYSTEMPATH\CodeIgniter.php(499): CodeIgniter\CodeIgniter->runController(Object(App\Controllers\User))
 6 SYSTEMPATH\CodeIgniter.php(368): CodeIgniter\CodeIgniter->handleRequest(null, Object(Config\Cache), false)
 7 FCPATH\index.php(67): CodeIgniter\CodeIgniter->run()
