INFO - 2023-03-25 16:15:31 --> Session: Class initialized using 'CodeIgniter\Session\Handlers\FileHandler' driver.
INFO - 2023-03-25 16:18:12 --> Session: Class initialized using 'CodeIgniter\Session\Handlers\FileHandler' driver.
INFO - 2023-03-25 16:18:38 --> Session: Class initialized using 'CodeIgniter\Session\Handlers\FileHandler' driver.
INFO - 2023-03-25 16:19:03 --> Session: Class initialized using 'CodeIgniter\Session\Handlers\FileHandler' driver.
INFO - 2023-03-25 16:19:52 --> Session: Class initialized using 'CodeIgniter\Session\Handlers\FileHandler' driver.
INFO - 2023-03-25 16:20:26 --> Session: Class initialized using 'CodeIgniter\Session\Handlers\FileHandler' driver.
INFO - 2023-03-25 16:20:50 --> Session: Class initialized using 'CodeIgniter\Session\Handlers\FileHandler' driver.
INFO - 2023-03-25 16:22:07 --> Session: Class initialized using 'CodeIgniter\Session\Handlers\FileHandler' driver.
INFO - 2023-03-25 16:22:09 --> Session: Class initialized using 'CodeIgniter\Session\Handlers\FileHandler' driver.
INFO - 2023-03-25 16:22:39 --> Session: Class initialized using 'CodeIgniter\Session\Handlers\FileHandler' driver.
INFO - 2023-03-25 16:22:54 --> Session: Class initialized using 'CodeIgniter\Session\Handlers\FileHandler' driver.
INFO - 2023-03-25 16:23:06 --> Session: Class initialized using 'CodeIgniter\Session\Handlers\FileHandler' driver.
INFO - 2023-03-25 16:23:30 --> Session: Class initialized using 'CodeIgniter\Session\Handlers\FileHandler' driver.
INFO - 2023-03-25 16:23:46 --> Session: Class initialized using 'CodeIgniter\Session\Handlers\FileHandler' driver.
INFO - 2023-03-25 16:24:06 --> Session: Class initialized using 'CodeIgniter\Session\Handlers\FileHandler' driver.
INFO - 2023-03-25 16:25:17 --> Session: Class initialized using 'CodeIgniter\Session\Handlers\FileHandler' driver.
INFO - 2023-03-25 16:26:20 --> Session: Class initialized using 'CodeIgniter\Session\Handlers\FileHandler' driver.
INFO - 2023-03-25 16:27:17 --> Session: Class initialized using 'CodeIgniter\Session\Handlers\FileHandler' driver.
INFO - 2023-03-25 16:28:10 --> Session: Class initialized using 'CodeIgniter\Session\Handlers\FileHandler' driver.
INFO - 2023-03-25 16:28:46 --> Session: Class initialized using 'CodeIgniter\Session\Handlers\FileHandler' driver.
INFO - 2023-03-25 16:29:39 --> Session: Class initialized using 'CodeIgniter\Session\Handlers\FileHandler' driver.
INFO - 2023-03-25 16:30:23 --> Session: Class initialized using 'CodeIgniter\Session\Handlers\FileHandler' driver.
INFO - 2023-03-25 16:31:41 --> Session: Class initialized using 'CodeIgniter\Session\Handlers\FileHandler' driver.
INFO - 2023-03-25 16:32:21 --> Session: Class initialized using 'CodeIgniter\Session\Handlers\FileHandler' driver.
INFO - 2023-03-25 16:32:30 --> Session: Class initialized using 'CodeIgniter\Session\Handlers\FileHandler' driver.
INFO - 2023-03-25 16:32:49 --> Session: Class initialized using 'CodeIgniter\Session\Handlers\FileHandler' driver.
INFO - 2023-03-25 16:36:49 --> Session: Class initialized using 'CodeIgniter\Session\Handlers\FileHandler' driver.
INFO - 2023-03-25 16:37:24 --> Session: Class initialized using 'CodeIgniter\Session\Handlers\FileHandler' driver.
INFO - 2023-03-25 16:38:11 --> Session: Class initialized using 'CodeIgniter\Session\Handlers\FileHandler' driver.
INFO - 2023-03-25 16:38:34 --> Session: Class initialized using 'CodeIgniter\Session\Handlers\FileHandler' driver.
INFO - 2023-03-25 16:39:54 --> Session: Class initialized using 'CodeIgniter\Session\Handlers\FileHandler' driver.
INFO - 2023-03-25 16:40:55 --> Session: Class initialized using 'CodeIgniter\Session\Handlers\FileHandler' driver.
INFO - 2023-03-25 16:41:07 --> Session: Class initialized using 'CodeIgniter\Session\Handlers\FileHandler' driver.
INFO - 2023-03-25 16:42:16 --> Session: Class initialized using 'CodeIgniter\Session\Handlers\FileHandler' driver.
INFO - 2023-03-25 16:44:10 --> Session: Class initialized using 'CodeIgniter\Session\Handlers\FileHandler' driver.
INFO - 2023-03-25 16:49:00 --> Session: Class initialized using 'CodeIgniter\Session\Handlers\FileHandler' driver.
INFO - 2023-03-25 16:49:04 --> Session: Class initialized using 'CodeIgniter\Session\Handlers\FileHandler' driver.
INFO - 2023-03-25 16:49:07 --> Session: Class initialized using 'CodeIgniter\Session\Handlers\FileHandler' driver.
INFO - 2023-03-25 16:50:10 --> Session: Class initialized using 'CodeIgniter\Session\Handlers\FileHandler' driver.
INFO - 2023-03-25 16:51:05 --> Session: Class initialized using 'CodeIgniter\Session\Handlers\FileHandler' driver.
INFO - 2023-03-25 16:51:12 --> Session: Class initialized using 'CodeIgniter\Session\Handlers\FileHandler' driver.
INFO - 2023-03-25 16:51:25 --> Session: Class initialized using 'CodeIgniter\Session\Handlers\FileHandler' driver.
INFO - 2023-03-25 16:51:39 --> Session: Class initialized using 'CodeIgniter\Session\Handlers\FileHandler' driver.
INFO - 2023-03-25 16:51:50 --> Session: Class initialized using 'CodeIgniter\Session\Handlers\FileHandler' driver.
INFO - 2023-03-25 16:52:07 --> Session: Class initialized using 'CodeIgniter\Session\Handlers\FileHandler' driver.
INFO - 2023-03-25 16:52:16 --> Session: Class initialized using 'CodeIgniter\Session\Handlers\FileHandler' driver.
INFO - 2023-03-25 16:52:39 --> Session: Class initialized using 'CodeIgniter\Session\Handlers\FileHandler' driver.
INFO - 2023-03-25 16:52:54 --> Session: Class initialized using 'CodeIgniter\Session\Handlers\FileHandler' driver.
INFO - 2023-03-25 16:53:33 --> Session: Class initialized using 'CodeIgniter\Session\Handlers\FileHandler' driver.
INFO - 2023-03-25 16:53:37 --> Session: Class initialized using 'CodeIgniter\Session\Handlers\FileHandler' driver.
INFO - 2023-03-25 16:54:10 --> Session: Class initialized using 'CodeIgniter\Session\Handlers\FileHandler' driver.
INFO - 2023-03-25 16:54:12 --> Session: Class initialized using 'CodeIgniter\Session\Handlers\FileHandler' driver.
INFO - 2023-03-25 16:54:59 --> Session: Class initialized using 'CodeIgniter\Session\Handlers\FileHandler' driver.
INFO - 2023-03-25 16:55:54 --> Session: Class initialized using 'CodeIgniter\Session\Handlers\FileHandler' driver.
INFO - 2023-03-25 16:55:56 --> Session: Class initialized using 'CodeIgniter\Session\Handlers\FileHandler' driver.
INFO - 2023-03-25 16:56:27 --> Session: Class initialized using 'CodeIgniter\Session\Handlers\FileHandler' driver.
INFO - 2023-03-25 16:56:35 --> Session: Class initialized using 'CodeIgniter\Session\Handlers\FileHandler' driver.
INFO - 2023-03-25 16:57:07 --> Session: Class initialized using 'CodeIgniter\Session\Handlers\FileHandler' driver.
INFO - 2023-03-25 16:57:47 --> Session: Class initialized using 'CodeIgniter\Session\Handlers\FileHandler' driver.
INFO - 2023-03-25 16:59:25 --> Session: Class initialized using 'CodeIgniter\Session\Handlers\FileHandler' driver.
INFO - 2023-03-25 17:00:46 --> Session: Class initialized using 'CodeIgniter\Session\Handlers\FileHandler' driver.
INFO - 2023-03-25 17:03:17 --> Session: Class initialized using 'CodeIgniter\Session\Handlers\FileHandler' driver.
INFO - 2023-03-25 17:03:30 --> Session: Class initialized using 'CodeIgniter\Session\Handlers\FileHandler' driver.
INFO - 2023-03-25 17:03:37 --> Session: Class initialized using 'CodeIgniter\Session\Handlers\FileHandler' driver.
INFO - 2023-03-25 17:03:46 --> Session: Class initialized using 'CodeIgniter\Session\Handlers\FileHandler' driver.
INFO - 2023-03-25 17:03:59 --> Session: Class initialized using 'CodeIgniter\Session\Handlers\FileHandler' driver.
INFO - 2023-03-25 17:04:11 --> Session: Class initialized using 'CodeIgniter\Session\Handlers\FileHandler' driver.
INFO - 2023-03-25 17:05:28 --> Session: Class initialized using 'CodeIgniter\Session\Handlers\FileHandler' driver.
INFO - 2023-03-25 17:08:42 --> Session: Class initialized using 'CodeIgniter\Session\Handlers\FileHandler' driver.
INFO - 2023-03-25 17:09:14 --> Session: Class initialized using 'CodeIgniter\Session\Handlers\FileHandler' driver.
INFO - 2023-03-25 17:09:21 --> Session: Class initialized using 'CodeIgniter\Session\Handlers\FileHandler' driver.
INFO - 2023-03-25 17:10:34 --> Session: Class initialized using 'CodeIgniter\Session\Handlers\FileHandler' driver.
INFO - 2023-03-25 17:10:38 --> Session: Class initialized using 'CodeIgniter\Session\Handlers\FileHandler' driver.
INFO - 2023-03-25 17:10:44 --> Session: Class initialized using 'CodeIgniter\Session\Handlers\FileHandler' driver.
INFO - 2023-03-25 17:10:51 --> Session: Class initialized using 'CodeIgniter\Session\Handlers\FileHandler' driver.
INFO - 2023-03-25 17:10:55 --> Session: Class initialized using 'CodeIgniter\Session\Handlers\FileHandler' driver.
INFO - 2023-03-25 17:11:05 --> Session: Class initialized using 'CodeIgniter\Session\Handlers\FileHandler' driver.
INFO - 2023-03-25 17:11:24 --> Session: Class initialized using 'CodeIgniter\Session\Handlers\FileHandler' driver.
INFO - 2023-03-25 17:13:52 --> Session: Class initialized using 'CodeIgniter\Session\Handlers\FileHandler' driver.
INFO - 2023-03-25 17:14:20 --> Session: Class initialized using 'CodeIgniter\Session\Handlers\FileHandler' driver.
INFO - 2023-03-25 17:14:32 --> Session: Class initialized using 'CodeIgniter\Session\Handlers\FileHandler' driver.
INFO - 2023-03-25 17:14:38 --> Session: Class initialized using 'CodeIgniter\Session\Handlers\FileHandler' driver.
INFO - 2023-03-25 17:15:12 --> Session: Class initialized using 'CodeIgniter\Session\Handlers\FileHandler' driver.
INFO - 2023-03-25 17:15:40 --> Session: Class initialized using 'CodeIgniter\Session\Handlers\FileHandler' driver.
INFO - 2023-03-25 17:18:43 --> Session: Class initialized using 'CodeIgniter\Session\Handlers\FileHandler' driver.
INFO - 2023-03-25 17:19:01 --> Session: Class initialized using 'CodeIgniter\Session\Handlers\FileHandler' driver.
INFO - 2023-03-25 17:20:42 --> Session: Class initialized using 'CodeIgniter\Session\Handlers\FileHandler' driver.
INFO - 2023-03-25 17:21:41 --> Session: Class initialized using 'CodeIgniter\Session\Handlers\FileHandler' driver.
INFO - 2023-03-25 17:21:51 --> Session: Class initialized using 'CodeIgniter\Session\Handlers\FileHandler' driver.
INFO - 2023-03-25 17:22:05 --> Session: Class initialized using 'CodeIgniter\Session\Handlers\FileHandler' driver.
INFO - 2023-03-25 17:23:05 --> Session: Class initialized using 'CodeIgniter\Session\Handlers\FileHandler' driver.
INFO - 2023-03-25 17:23:34 --> Session: Class initialized using 'CodeIgniter\Session\Handlers\FileHandler' driver.
INFO - 2023-03-25 17:24:34 --> Session: Class initialized using 'CodeIgniter\Session\Handlers\FileHandler' driver.
INFO - 2023-03-25 17:25:09 --> Session: Class initialized using 'CodeIgniter\Session\Handlers\FileHandler' driver.
INFO - 2023-03-25 17:25:18 --> Session: Class initialized using 'CodeIgniter\Session\Handlers\FileHandler' driver.
INFO - 2023-03-25 17:25:26 --> Session: Class initialized using 'CodeIgniter\Session\Handlers\FileHandler' driver.
INFO - 2023-03-25 17:25:36 --> Session: Class initialized using 'CodeIgniter\Session\Handlers\FileHandler' driver.
INFO - 2023-03-25 17:26:36 --> Session: Class initialized using 'CodeIgniter\Session\Handlers\FileHandler' driver.
INFO - 2023-03-25 17:26:49 --> Session: Class initialized using 'CodeIgniter\Session\Handlers\FileHandler' driver.
INFO - 2023-03-25 17:27:13 --> Session: Class initialized using 'CodeIgniter\Session\Handlers\FileHandler' driver.
INFO - 2023-03-25 17:27:44 --> Session: Class initialized using 'CodeIgniter\Session\Handlers\FileHandler' driver.
INFO - 2023-03-25 17:27:52 --> Session: Class initialized using 'CodeIgniter\Session\Handlers\FileHandler' driver.
INFO - 2023-03-25 17:28:16 --> Session: Class initialized using 'CodeIgniter\Session\Handlers\FileHandler' driver.
INFO - 2023-03-25 17:28:45 --> Session: Class initialized using 'CodeIgniter\Session\Handlers\FileHandler' driver.
INFO - 2023-03-25 17:29:48 --> Session: Class initialized using 'CodeIgniter\Session\Handlers\FileHandler' driver.
INFO - 2023-03-25 17:30:52 --> Session: Class initialized using 'CodeIgniter\Session\Handlers\FileHandler' driver.
INFO - 2023-03-25 17:32:00 --> Session: Class initialized using 'CodeIgniter\Session\Handlers\FileHandler' driver.
INFO - 2023-03-25 17:32:27 --> Session: Class initialized using 'CodeIgniter\Session\Handlers\FileHandler' driver.
INFO - 2023-03-25 17:33:03 --> Session: Class initialized using 'CodeIgniter\Session\Handlers\FileHandler' driver.
INFO - 2023-03-25 17:33:33 --> Session: Class initialized using 'CodeIgniter\Session\Handlers\FileHandler' driver.
INFO - 2023-03-25 17:34:26 --> Session: Class initialized using 'CodeIgniter\Session\Handlers\FileHandler' driver.
INFO - 2023-03-25 17:41:25 --> Session: Class initialized using 'CodeIgniter\Session\Handlers\FileHandler' driver.
INFO - 2023-03-25 17:42:22 --> Session: Class initialized using 'CodeIgniter\Session\Handlers\FileHandler' driver.
INFO - 2023-03-25 17:43:55 --> Session: Class initialized using 'CodeIgniter\Session\Handlers\FileHandler' driver.
INFO - 2023-03-25 17:44:09 --> Session: Class initialized using 'CodeIgniter\Session\Handlers\FileHandler' driver.
INFO - 2023-03-25 17:44:53 --> Session: Class initialized using 'CodeIgniter\Session\Handlers\FileHandler' driver.
INFO - 2023-03-25 17:48:13 --> Session: Class initialized using 'CodeIgniter\Session\Handlers\FileHandler' driver.
INFO - 2023-03-25 17:48:17 --> Session: Class initialized using 'CodeIgniter\Session\Handlers\FileHandler' driver.
INFO - 2023-03-25 17:48:18 --> Session: Class initialized using 'CodeIgniter\Session\Handlers\FileHandler' driver.
INFO - 2023-03-25 17:48:42 --> Session: Class initialized using 'CodeIgniter\Session\Handlers\FileHandler' driver.
INFO - 2023-03-25 17:48:43 --> Session: Class initialized using 'CodeIgniter\Session\Handlers\FileHandler' driver.
INFO - 2023-03-25 17:48:51 --> Session: Class initialized using 'CodeIgniter\Session\Handlers\FileHandler' driver.
INFO - 2023-03-25 17:49:00 --> Session: Class initialized using 'CodeIgniter\Session\Handlers\FileHandler' driver.
INFO - 2023-03-25 17:50:31 --> Session: Class initialized using 'CodeIgniter\Session\Handlers\FileHandler' driver.
INFO - 2023-03-25 17:50:45 --> Session: Class initialized using 'CodeIgniter\Session\Handlers\FileHandler' driver.
INFO - 2023-03-25 17:51:43 --> Session: Class initialized using 'CodeIgniter\Session\Handlers\FileHandler' driver.
INFO - 2023-03-25 17:51:53 --> Session: Class initialized using 'CodeIgniter\Session\Handlers\FileHandler' driver.
INFO - 2023-03-25 17:52:12 --> Session: Class initialized using 'CodeIgniter\Session\Handlers\FileHandler' driver.
INFO - 2023-03-25 17:52:24 --> Session: Class initialized using 'CodeIgniter\Session\Handlers\FileHandler' driver.
INFO - 2023-03-25 17:53:54 --> Session: Class initialized using 'CodeIgniter\Session\Handlers\FileHandler' driver.
INFO - 2023-03-25 18:02:10 --> Session: Class initialized using 'CodeIgniter\Session\Handlers\FileHandler' driver.
INFO - 2023-03-25 18:02:13 --> Session: Class initialized using 'CodeIgniter\Session\Handlers\FileHandler' driver.
INFO - 2023-03-25 18:03:07 --> Session: Class initialized using 'CodeIgniter\Session\Handlers\FileHandler' driver.
INFO - 2023-03-25 18:04:10 --> Session: Class initialized using 'CodeIgniter\Session\Handlers\FileHandler' driver.
INFO - 2023-03-25 18:04:42 --> Session: Class initialized using 'CodeIgniter\Session\Handlers\FileHandler' driver.
INFO - 2023-03-25 18:05:32 --> Session: Class initialized using 'CodeIgniter\Session\Handlers\FileHandler' driver.
INFO - 2023-03-25 18:06:16 --> Session: Class initialized using 'CodeIgniter\Session\Handlers\FileHandler' driver.
INFO - 2023-03-25 18:06:19 --> Session: Class initialized using 'CodeIgniter\Session\Handlers\FileHandler' driver.
INFO - 2023-03-25 18:07:34 --> Session: Class initialized using 'CodeIgniter\Session\Handlers\FileHandler' driver.
INFO - 2023-03-25 18:08:58 --> Session: Class initialized using 'CodeIgniter\Session\Handlers\FileHandler' driver.
INFO - 2023-03-25 18:10:10 --> Session: Class initialized using 'CodeIgniter\Session\Handlers\FileHandler' driver.
INFO - 2023-03-25 18:20:33 --> Session: Class initialized using 'CodeIgniter\Session\Handlers\FileHandler' driver.
INFO - 2023-03-25 18:20:34 --> Session: Class initialized using 'CodeIgniter\Session\Handlers\FileHandler' driver.
INFO - 2023-03-25 18:20:37 --> Session: Class initialized using 'CodeIgniter\Session\Handlers\FileHandler' driver.
INFO - 2023-03-25 18:23:20 --> Session: Class initialized using 'CodeIgniter\Session\Handlers\FileHandler' driver.
INFO - 2023-03-25 18:23:23 --> Session: Class initialized using 'CodeIgniter\Session\Handlers\FileHandler' driver.
INFO - 2023-03-25 18:23:51 --> Session: Class initialized using 'CodeIgniter\Session\Handlers\FileHandler' driver.
INFO - 2023-03-25 18:29:08 --> Session: Class initialized using 'CodeIgniter\Session\Handlers\FileHandler' driver.
INFO - 2023-03-25 18:50:59 --> Session: Class initialized using 'CodeIgniter\Session\Handlers\FileHandler' driver.
INFO - 2023-03-25 18:51:08 --> Session: Class initialized using 'CodeIgniter\Session\Handlers\FileHandler' driver.
CRITICAL - 2023-03-25 18:51:08 --> include(): http:// wrapper is disabled in the server configuration by allow_url_include=0
in APPPATH\Views\pages\novedades.php on line 177.
 1 APPPATH\Views\pages\novedades.php(177): CodeIgniter\Debug\Exceptions->errorHandler(2, 'include(): http:// wrapper is disabled in the server configuration by allow_url_include=0', 'APPPATH\\Views\\pages\\novedades.php', 177)
 2 APPPATH\Views\pages\novedades.php(177): include()
 3 SYSTEMPATH\View\View.php(213): include('APPPATH\\Views\\pages\\novedades.php')
 4 SYSTEMPATH\View\View.php(216): CodeIgniter\View\View->CodeIgniter\View\{closure}()
 5 SYSTEMPATH\Common.php(1177): CodeIgniter\View\View->render('pages/novedades', [], true)
 6 APPPATH\Controllers\Pages.php(51): view('pages/novedades')
 7 SYSTEMPATH\CodeIgniter.php(934): App\Controllers\Pages->viewNovedades()
 8 SYSTEMPATH\CodeIgniter.php(499): CodeIgniter\CodeIgniter->runController(Object(App\Controllers\Pages))
 9 SYSTEMPATH\CodeIgniter.php(368): CodeIgniter\CodeIgniter->handleRequest(null, Object(Config\Cache), false)
10 FCPATH\index.php(67): CodeIgniter\CodeIgniter->run()
INFO - 2023-03-25 18:58:54 --> Session: Class initialized using 'CodeIgniter\Session\Handlers\FileHandler' driver.
CRITICAL - 2023-03-25 18:58:54 --> include(): http:// wrapper is disabled in the server configuration by allow_url_include=0
in APPPATH\Views\pages\novedades.php on line 177.
 1 APPPATH\Views\pages\novedades.php(177): CodeIgniter\Debug\Exceptions->errorHandler(2, 'include(): http:// wrapper is disabled in the server configuration by allow_url_include=0', 'APPPATH\\Views\\pages\\novedades.php', 177)
 2 APPPATH\Views\pages\novedades.php(177): include()
 3 SYSTEMPATH\View\View.php(213): include('APPPATH\\Views\\pages\\novedades.php')
 4 SYSTEMPATH\View\View.php(216): CodeIgniter\View\View->CodeIgniter\View\{closure}()
 5 SYSTEMPATH\Common.php(1177): CodeIgniter\View\View->render('pages/novedades', [], true)
 6 APPPATH\Controllers\Pages.php(51): view('pages/novedades')
 7 SYSTEMPATH\CodeIgniter.php(934): App\Controllers\Pages->viewNovedades()
 8 SYSTEMPATH\CodeIgniter.php(499): CodeIgniter\CodeIgniter->runController(Object(App\Controllers\Pages))
 9 SYSTEMPATH\CodeIgniter.php(368): CodeIgniter\CodeIgniter->handleRequest(null, Object(Config\Cache), false)
10 FCPATH\index.php(67): CodeIgniter\CodeIgniter->run()
INFO - 2023-03-25 18:58:55 --> Session: Class initialized using 'CodeIgniter\Session\Handlers\FileHandler' driver.
CRITICAL - 2023-03-25 18:58:55 --> include(): http:// wrapper is disabled in the server configuration by allow_url_include=0
in APPPATH\Views\pages\novedades.php on line 177.
 1 APPPATH\Views\pages\novedades.php(177): CodeIgniter\Debug\Exceptions->errorHandler(2, 'include(): http:// wrapper is disabled in the server configuration by allow_url_include=0', 'APPPATH\\Views\\pages\\novedades.php', 177)
 2 APPPATH\Views\pages\novedades.php(177): include()
 3 SYSTEMPATH\View\View.php(213): include('APPPATH\\Views\\pages\\novedades.php')
 4 SYSTEMPATH\View\View.php(216): CodeIgniter\View\View->CodeIgniter\View\{closure}()
 5 SYSTEMPATH\Common.php(1177): CodeIgniter\View\View->render('pages/novedades', [], true)
 6 APPPATH\Controllers\Pages.php(51): view('pages/novedades')
 7 SYSTEMPATH\CodeIgniter.php(934): App\Controllers\Pages->viewNovedades()
 8 SYSTEMPATH\CodeIgniter.php(499): CodeIgniter\CodeIgniter->runController(Object(App\Controllers\Pages))
 9 SYSTEMPATH\CodeIgniter.php(368): CodeIgniter\CodeIgniter->handleRequest(null, Object(Config\Cache), false)
10 FCPATH\index.php(67): CodeIgniter\CodeIgniter->run()
INFO - 2023-03-25 18:59:02 --> Session: Class initialized using 'CodeIgniter\Session\Handlers\FileHandler' driver.
CRITICAL - 2023-03-25 18:59:02 --> include(): http:// wrapper is disabled in the server configuration by allow_url_include=0
in APPPATH\Views\pages\novedades.php on line 177.
 1 APPPATH\Views\pages\novedades.php(177): CodeIgniter\Debug\Exceptions->errorHandler(2, 'include(): http:// wrapper is disabled in the server configuration by allow_url_include=0', 'APPPATH\\Views\\pages\\novedades.php', 177)
 2 APPPATH\Views\pages\novedades.php(177): include()
 3 SYSTEMPATH\View\View.php(213): include('APPPATH\\Views\\pages\\novedades.php')
 4 SYSTEMPATH\View\View.php(216): CodeIgniter\View\View->CodeIgniter\View\{closure}()
 5 SYSTEMPATH\Common.php(1177): CodeIgniter\View\View->render('pages/novedades', [], true)
 6 APPPATH\Controllers\Pages.php(51): view('pages/novedades')
 7 SYSTEMPATH\CodeIgniter.php(934): App\Controllers\Pages->viewNovedades()
 8 SYSTEMPATH\CodeIgniter.php(499): CodeIgniter\CodeIgniter->runController(Object(App\Controllers\Pages))
 9 SYSTEMPATH\CodeIgniter.php(368): CodeIgniter\CodeIgniter->handleRequest(null, Object(Config\Cache), false)
10 FCPATH\index.php(67): CodeIgniter\CodeIgniter->run()
INFO - 2023-03-25 19:02:27 --> Session: Class initialized using 'CodeIgniter\Session\Handlers\FileHandler' driver.
CRITICAL - 2023-03-25 19:02:27 --> include(): http:// wrapper is disabled in the server configuration by allow_url_include=0
in APPPATH\Views\pages\novedades.php on line 177.
 1 APPPATH\Views\pages\novedades.php(177): CodeIgniter\Debug\Exceptions->errorHandler(2, 'include(): http:// wrapper is disabled in the server configuration by allow_url_include=0', 'APPPATH\\Views\\pages\\novedades.php', 177)
 2 APPPATH\Views\pages\novedades.php(177): include()
 3 SYSTEMPATH\View\View.php(213): include('APPPATH\\Views\\pages\\novedades.php')
 4 SYSTEMPATH\View\View.php(216): CodeIgniter\View\View->CodeIgniter\View\{closure}()
 5 SYSTEMPATH\Common.php(1177): CodeIgniter\View\View->render('pages/novedades', [], true)
 6 APPPATH\Controllers\Pages.php(51): view('pages/novedades')
 7 SYSTEMPATH\CodeIgniter.php(934): App\Controllers\Pages->viewNovedades()
 8 SYSTEMPATH\CodeIgniter.php(499): CodeIgniter\CodeIgniter->runController(Object(App\Controllers\Pages))
 9 SYSTEMPATH\CodeIgniter.php(368): CodeIgniter\CodeIgniter->handleRequest(null, Object(Config\Cache), false)
10 FCPATH\index.php(67): CodeIgniter\CodeIgniter->run()
INFO - 2023-03-25 19:02:28 --> Session: Class initialized using 'CodeIgniter\Session\Handlers\FileHandler' driver.
CRITICAL - 2023-03-25 19:02:28 --> include(): http:// wrapper is disabled in the server configuration by allow_url_include=0
in APPPATH\Views\pages\novedades.php on line 177.
 1 APPPATH\Views\pages\novedades.php(177): CodeIgniter\Debug\Exceptions->errorHandler(2, 'include(): http:// wrapper is disabled in the server configuration by allow_url_include=0', 'APPPATH\\Views\\pages\\novedades.php', 177)
 2 APPPATH\Views\pages\novedades.php(177): include()
 3 SYSTEMPATH\View\View.php(213): include('APPPATH\\Views\\pages\\novedades.php')
 4 SYSTEMPATH\View\View.php(216): CodeIgniter\View\View->CodeIgniter\View\{closure}()
 5 SYSTEMPATH\Common.php(1177): CodeIgniter\View\View->render('pages/novedades', [], true)
 6 APPPATH\Controllers\Pages.php(51): view('pages/novedades')
 7 SYSTEMPATH\CodeIgniter.php(934): App\Controllers\Pages->viewNovedades()
 8 SYSTEMPATH\CodeIgniter.php(499): CodeIgniter\CodeIgniter->runController(Object(App\Controllers\Pages))
 9 SYSTEMPATH\CodeIgniter.php(368): CodeIgniter\CodeIgniter->handleRequest(null, Object(Config\Cache), false)
10 FCPATH\index.php(67): CodeIgniter\CodeIgniter->run()
INFO - 2023-03-25 19:02:29 --> Session: Class initialized using 'CodeIgniter\Session\Handlers\FileHandler' driver.
INFO - 2023-03-25 19:02:29 --> Session: Class initialized using 'CodeIgniter\Session\Handlers\FileHandler' driver.
CRITICAL - 2023-03-25 19:02:29 --> include(): http:// wrapper is disabled in the server configuration by allow_url_include=0
in APPPATH\Views\pages\novedades.php on line 177.
 1 APPPATH\Views\pages\novedades.php(177): CodeIgniter\Debug\Exceptions->errorHandler(2, 'include(): http:// wrapper is disabled in the server configuration by allow_url_include=0', 'APPPATH\\Views\\pages\\novedades.php', 177)
 2 APPPATH\Views\pages\novedades.php(177): include()
 3 SYSTEMPATH\View\View.php(213): include('APPPATH\\Views\\pages\\novedades.php')
 4 SYSTEMPATH\View\View.php(216): CodeIgniter\View\View->CodeIgniter\View\{closure}()
 5 SYSTEMPATH\Common.php(1177): CodeIgniter\View\View->render('pages/novedades', [], true)
 6 APPPATH\Controllers\Pages.php(51): view('pages/novedades')
 7 SYSTEMPATH\CodeIgniter.php(934): App\Controllers\Pages->viewNovedades()
 8 SYSTEMPATH\CodeIgniter.php(499): CodeIgniter\CodeIgniter->runController(Object(App\Controllers\Pages))
 9 SYSTEMPATH\CodeIgniter.php(368): CodeIgniter\CodeIgniter->handleRequest(null, Object(Config\Cache), false)
10 FCPATH\index.php(67): CodeIgniter\CodeIgniter->run()
INFO - 2023-03-25 19:02:30 --> Session: Class initialized using 'CodeIgniter\Session\Handlers\FileHandler' driver.
INFO - 2023-03-25 19:02:32 --> Session: Class initialized using 'CodeIgniter\Session\Handlers\FileHandler' driver.
CRITICAL - 2023-03-25 19:02:32 --> include(): http:// wrapper is disabled in the server configuration by allow_url_include=0
in APPPATH\Views\pages\novedades.php on line 177.
 1 APPPATH\Views\pages\novedades.php(177): CodeIgniter\Debug\Exceptions->errorHandler(2, 'include(): http:// wrapper is disabled in the server configuration by allow_url_include=0', 'APPPATH\\Views\\pages\\novedades.php', 177)
 2 APPPATH\Views\pages\novedades.php(177): include()
 3 SYSTEMPATH\View\View.php(213): include('APPPATH\\Views\\pages\\novedades.php')
 4 SYSTEMPATH\View\View.php(216): CodeIgniter\View\View->CodeIgniter\View\{closure}()
 5 SYSTEMPATH\Common.php(1177): CodeIgniter\View\View->render('pages/novedades', [], true)
 6 APPPATH\Controllers\Pages.php(51): view('pages/novedades')
 7 SYSTEMPATH\CodeIgniter.php(934): App\Controllers\Pages->viewNovedades()
 8 SYSTEMPATH\CodeIgniter.php(499): CodeIgniter\CodeIgniter->runController(Object(App\Controllers\Pages))
 9 SYSTEMPATH\CodeIgniter.php(368): CodeIgniter\CodeIgniter->handleRequest(null, Object(Config\Cache), false)
10 FCPATH\index.php(67): CodeIgniter\CodeIgniter->run()
INFO - 2023-03-25 19:04:16 --> Session: Class initialized using 'CodeIgniter\Session\Handlers\FileHandler' driver.
INFO - 2023-03-25 19:05:59 --> Session: Class initialized using 'CodeIgniter\Session\Handlers\FileHandler' driver.
INFO - 2023-03-25 19:06:41 --> Session: Class initialized using 'CodeIgniter\Session\Handlers\FileHandler' driver.
INFO - 2023-03-25 19:07:08 --> Session: Class initialized using 'CodeIgniter\Session\Handlers\FileHandler' driver.
INFO - 2023-03-25 19:07:09 --> Session: Class initialized using 'CodeIgniter\Session\Handlers\FileHandler' driver.
INFO - 2023-03-25 19:08:49 --> Session: Class initialized using 'CodeIgniter\Session\Handlers\FileHandler' driver.
INFO - 2023-03-25 19:09:52 --> Session: Class initialized using 'CodeIgniter\Session\Handlers\FileHandler' driver.
INFO - 2023-03-25 19:10:05 --> Session: Class initialized using 'CodeIgniter\Session\Handlers\FileHandler' driver.
INFO - 2023-03-25 19:10:26 --> Session: Class initialized using 'CodeIgniter\Session\Handlers\FileHandler' driver.
INFO - 2023-03-25 19:11:06 --> Session: Class initialized using 'CodeIgniter\Session\Handlers\FileHandler' driver.
INFO - 2023-03-25 19:14:34 --> Session: Class initialized using 'CodeIgniter\Session\Handlers\FileHandler' driver.
INFO - 2023-03-25 20:26:18 --> Session: Class initialized using 'CodeIgniter\Session\Handlers\FileHandler' driver.
INFO - 2023-03-25 20:27:16 --> Session: Class initialized using 'CodeIgniter\Session\Handlers\FileHandler' driver.
INFO - 2023-03-25 20:27:48 --> Session: Class initialized using 'CodeIgniter\Session\Handlers\FileHandler' driver.
INFO - 2023-03-25 20:28:14 --> Session: Class initialized using 'CodeIgniter\Session\Handlers\FileHandler' driver.
INFO - 2023-03-25 20:29:09 --> Session: Class initialized using 'CodeIgniter\Session\Handlers\FileHandler' driver.
INFO - 2023-03-25 20:29:45 --> Session: Class initialized using 'CodeIgniter\Session\Handlers\FileHandler' driver.
INFO - 2023-03-25 20:30:03 --> Session: Class initialized using 'CodeIgniter\Session\Handlers\FileHandler' driver.
INFO - 2023-03-25 20:30:24 --> Session: Class initialized using 'CodeIgniter\Session\Handlers\FileHandler' driver.
INFO - 2023-03-25 20:30:59 --> Session: Class initialized using 'CodeIgniter\Session\Handlers\FileHandler' driver.
INFO - 2023-03-25 20:31:35 --> Session: Class initialized using 'CodeIgniter\Session\Handlers\FileHandler' driver.
INFO - 2023-03-25 20:37:03 --> Session: Class initialized using 'CodeIgniter\Session\Handlers\FileHandler' driver.
INFO - 2023-03-25 20:37:15 --> Session: Class initialized using 'CodeIgniter\Session\Handlers\FileHandler' driver.
INFO - 2023-03-25 20:37:44 --> Session: Class initialized using 'CodeIgniter\Session\Handlers\FileHandler' driver.
INFO - 2023-03-25 20:37:52 --> Session: Class initialized using 'CodeIgniter\Session\Handlers\FileHandler' driver.
INFO - 2023-03-25 20:37:57 --> Session: Class initialized using 'CodeIgniter\Session\Handlers\FileHandler' driver.
INFO - 2023-03-25 20:39:29 --> Session: Class initialized using 'CodeIgniter\Session\Handlers\FileHandler' driver.
INFO - 2023-03-25 20:40:22 --> Session: Class initialized using 'CodeIgniter\Session\Handlers\FileHandler' driver.
INFO - 2023-03-25 20:40:22 --> Session: Class initialized using 'CodeIgniter\Session\Handlers\FileHandler' driver.
INFO - 2023-03-25 20:40:24 --> Session: Class initialized using 'CodeIgniter\Session\Handlers\FileHandler' driver.
INFO - 2023-03-25 20:40:24 --> Session: Class initialized using 'CodeIgniter\Session\Handlers\FileHandler' driver.
INFO - 2023-03-25 20:40:25 --> Session: Class initialized using 'CodeIgniter\Session\Handlers\FileHandler' driver.
INFO - 2023-03-25 20:40:52 --> Session: Class initialized using 'CodeIgniter\Session\Handlers\FileHandler' driver.
INFO - 2023-03-25 20:41:00 --> Session: Class initialized using 'CodeIgniter\Session\Handlers\FileHandler' driver.
INFO - 2023-03-25 20:41:09 --> Session: Class initialized using 'CodeIgniter\Session\Handlers\FileHandler' driver.
INFO - 2023-03-25 21:14:53 --> Session: Class initialized using 'CodeIgniter\Session\Handlers\FileHandler' driver.
INFO - 2023-03-25 21:14:53 --> Session: Class initialized using 'CodeIgniter\Session\Handlers\FileHandler' driver.
INFO - 2023-03-25 21:14:58 --> Session: Class initialized using 'CodeIgniter\Session\Handlers\FileHandler' driver.
INFO - 2023-03-25 21:15:39 --> Session: Class initialized using 'CodeIgniter\Session\Handlers\FileHandler' driver.
ERROR - 2023-03-25 21:15:39 --> Error connecting to the database: mysqli_sql_exception: Access denied for user 'webappuser'@'localhost' (using password: YES) in C:\xampp\htdocs\WebappProyecto\system\Database\MySQLi\Connection.php:173
Stack trace:
#0 C:\xampp\htdocs\WebappProyecto\system\Database\MySQLi\Connection.php(173): mysqli->real_connect('localhost', 'webappuser', Object(SensitiveParameterValue), 'webappproyecto', 3306, '', 0)
#1 C:\xampp\htdocs\WebappProyecto\system\Database\BaseConnection.php(391): CodeIgniter\Database\MySQLi\Connection->connect(false)
#2 C:\xampp\htdocs\WebappProyecto\system\Database\BaseConnection.php(573): CodeIgniter\Database\BaseConnection->initialize()
#3 C:\xampp\htdocs\WebappProyecto\system\Database\BaseBuilder.php(1602): CodeIgniter\Database\BaseConnection->query('SELECT 1\nFROM `...', Array, false)
#4 C:\xampp\htdocs\WebappProyecto\system\Validation\StrictRules\Rules.php(206): CodeIgniter\Database\BaseBuilder->get()
#5 C:\xampp\htdocs\WebappProyecto\system\Validation\Validation.php(312): CodeIgniter\Validation\StrictRules\Rules->is_unique('userAutorized@g...', 'email', Array, NULL, 'email')
#6 C:\xampp\htdocs\WebappProyecto\system\Validation\Validation.php(170): CodeIgniter\Validation\Validation->processRules('email', 'email', 'userAutorized@g...', Array, Array)
#7 C:\xampp\htdocs\WebappProyecto\system\BaseModel.php(1453): CodeIgniter\Validation\Validation->run(Array, NULL, NULL)
#8 C:\xampp\htdocs\WebappProyecto\system\BaseModel.php(745): CodeIgniter\BaseModel->validate(Array)
#9 C:\xampp\htdocs\WebappProyecto\system\Model.php(729): CodeIgniter\BaseModel->insert(Array, true)
#10 C:\xampp\htdocs\WebappProyecto\app\Controllers\User.php(105): CodeIgniter\Model->insert(Array)
#11 C:\xampp\htdocs\WebappProyecto\system\CodeIgniter.php(934): App\Controllers\User->register()
#12 C:\xampp\htdocs\WebappProyecto\system\CodeIgniter.php(499): CodeIgniter\CodeIgniter->runController(Object(App\Controllers\User))
#13 C:\xampp\htdocs\WebappProyecto\system\CodeIgniter.php(368): CodeIgniter\CodeIgniter->handleRequest(NULL, Object(Config\Cache), false)
#14 C:\xampp\htdocs\WebappProyecto\public\index.php(67): CodeIgniter\CodeIgniter->run()
#15 {main}

Next CodeIgniter\Database\Exceptions\DatabaseException: Access denied for user '****'@'localhost' (using password: YES) in C:\xampp\htdocs\WebappProyecto\system\Database\MySQLi\Connection.php:218
Stack trace:
#0 C:\xampp\htdocs\WebappProyecto\system\Database\BaseConnection.php(391): CodeIgniter\Database\MySQLi\Connection->connect(false)
#1 C:\xampp\htdocs\WebappProyecto\system\Database\BaseConnection.php(573): CodeIgniter\Database\BaseConnection->initialize()
#2 C:\xampp\htdocs\WebappProyecto\system\Database\BaseBuilder.php(1602): CodeIgniter\Database\BaseConnection->query('SELECT 1\nFROM `...', Array, false)
#3 C:\xampp\htdocs\WebappProyecto\system\Validation\StrictRules\Rules.php(206): CodeIgniter\Database\BaseBuilder->get()
#4 C:\xampp\htdocs\WebappProyecto\system\Validation\Validation.php(312): CodeIgniter\Validation\StrictRules\Rules->is_unique('userAutorized@g...', 'email', Array, NULL, 'email')
#5 C:\xampp\htdocs\WebappProyecto\system\Validation\Validation.php(170): CodeIgniter\Validation\Validation->processRules('email', 'email', 'userAutorized@g...', Array, Array)
#6 C:\xampp\htdocs\WebappProyecto\system\BaseModel.php(1453): CodeIgniter\Validation\Validation->run(Array, NULL, NULL)
#7 C:\xampp\htdocs\WebappProyecto\system\BaseModel.php(745): CodeIgniter\BaseModel->validate(Array)
#8 C:\xampp\htdocs\WebappProyecto\system\Model.php(729): CodeIgniter\BaseModel->insert(Array, true)
#9 C:\xampp\htdocs\WebappProyecto\app\Controllers\User.php(105): CodeIgniter\Model->insert(Array)
#10 C:\xampp\htdocs\WebappProyecto\system\CodeIgniter.php(934): App\Controllers\User->register()
#11 C:\xampp\htdocs\WebappProyecto\system\CodeIgniter.php(499): CodeIgniter\CodeIgniter->runController(Object(App\Controllers\User))
#12 C:\xampp\htdocs\WebappProyecto\system\CodeIgniter.php(368): CodeIgniter\CodeIgniter->handleRequest(NULL, Object(Config\Cache), false)
#13 C:\xampp\htdocs\WebappProyecto\public\index.php(67): CodeIgniter\CodeIgniter->run()
#14 {main}
CRITICAL - 2023-03-25 21:15:39 --> Unable to connect to the database.
Main connection [MySQLi]: Access denied for user '****'@'localhost' (using password: YES)
in SYSTEMPATH\Database\BaseConnection.php on line 427.
 1 SYSTEMPATH\Database\BaseConnection.php(573): CodeIgniter\Database\BaseConnection->initialize()
 2 SYSTEMPATH\Database\BaseBuilder.php(1602): CodeIgniter\Database\BaseConnection->query('SELECT 1
FROM `user`
WHERE `email` = :email:
 LIMIT 1', [...], false)
 3 SYSTEMPATH\Validation\StrictRules\Rules.php(206): CodeIgniter\Database\BaseBuilder->get()
 4 SYSTEMPATH\Validation\Validation.php(312): CodeIgniter\Validation\StrictRules\Rules->is_unique('userAutorized@gmail.com', 'email', [...], null, 'email')
 5 SYSTEMPATH\Validation\Validation.php(170): CodeIgniter\Validation\Validation->processRules('email', 'email', 'userAutorized@gmail.com', [...], [...])
 6 SYSTEMPATH\BaseModel.php(1453): CodeIgniter\Validation\Validation->run([...], null, null)
 7 SYSTEMPATH\BaseModel.php(745): CodeIgniter\BaseModel->validate([...])
 8 SYSTEMPATH\Model.php(729): CodeIgniter\BaseModel->insert([...], true)
 9 APPPATH\Controllers\User.php(105): CodeIgniter\Model->insert([...])
10 SYSTEMPATH\CodeIgniter.php(934): App\Controllers\User->register()
11 SYSTEMPATH\CodeIgniter.php(499): CodeIgniter\CodeIgniter->runController(Object(App\Controllers\User))
12 SYSTEMPATH\CodeIgniter.php(368): CodeIgniter\CodeIgniter->handleRequest(null, Object(Config\Cache), false)
13 FCPATH\index.php(67): CodeIgniter\CodeIgniter->run()
INFO - 2023-03-25 21:17:05 --> Session: Class initialized using 'CodeIgniter\Session\Handlers\FileHandler' driver.
INFO - 2023-03-25 21:17:21 --> Session: Class initialized using 'CodeIgniter\Session\Handlers\FileHandler' driver.
ERROR - 2023-03-25 21:17:22 --> Error connecting to the database: mysqli_sql_exception: Access denied for user 'webappuser'@'localhost' (using password: YES) in C:\xampp\htdocs\WebappProyecto\system\Database\MySQLi\Connection.php:173
Stack trace:
#0 C:\xampp\htdocs\WebappProyecto\system\Database\MySQLi\Connection.php(173): mysqli->real_connect('localhost', 'webappuser', Object(SensitiveParameterValue), 'webappproyecto', 3306, '', 0)
#1 C:\xampp\htdocs\WebappProyecto\system\Database\BaseConnection.php(391): CodeIgniter\Database\MySQLi\Connection->connect(false)
#2 C:\xampp\htdocs\WebappProyecto\system\Database\BaseConnection.php(573): CodeIgniter\Database\BaseConnection->initialize()
#3 C:\xampp\htdocs\WebappProyecto\system\Database\BaseBuilder.php(1602): CodeIgniter\Database\BaseConnection->query('SELECT 1\nFROM `...', Array, false)
#4 C:\xampp\htdocs\WebappProyecto\system\Validation\StrictRules\Rules.php(206): CodeIgniter\Database\BaseBuilder->get()
#5 C:\xampp\htdocs\WebappProyecto\system\Validation\Validation.php(312): CodeIgniter\Validation\StrictRules\Rules->is_unique('userAutorized@g...', 'email', Array, NULL, 'email')
#6 C:\xampp\htdocs\WebappProyecto\system\Validation\Validation.php(170): CodeIgniter\Validation\Validation->processRules('email', 'email', 'userAutorized@g...', Array, Array)
#7 C:\xampp\htdocs\WebappProyecto\system\BaseModel.php(1453): CodeIgniter\Validation\Validation->run(Array, NULL, NULL)
#8 C:\xampp\htdocs\WebappProyecto\system\BaseModel.php(745): CodeIgniter\BaseModel->validate(Array)
#9 C:\xampp\htdocs\WebappProyecto\system\Model.php(729): CodeIgniter\BaseModel->insert(Array, true)
#10 C:\xampp\htdocs\WebappProyecto\app\Controllers\User.php(105): CodeIgniter\Model->insert(Array)
#11 C:\xampp\htdocs\WebappProyecto\system\CodeIgniter.php(934): App\Controllers\User->register()
#12 C:\xampp\htdocs\WebappProyecto\system\CodeIgniter.php(499): CodeIgniter\CodeIgniter->runController(Object(App\Controllers\User))
#13 C:\xampp\htdocs\WebappProyecto\system\CodeIgniter.php(368): CodeIgniter\CodeIgniter->handleRequest(NULL, Object(Config\Cache), false)
#14 C:\xampp\htdocs\WebappProyecto\public\index.php(67): CodeIgniter\CodeIgniter->run()
#15 {main}

Next CodeIgniter\Database\Exceptions\DatabaseException: Access denied for user '****'@'localhost' (using password: YES) in C:\xampp\htdocs\WebappProyecto\system\Database\MySQLi\Connection.php:218
Stack trace:
#0 C:\xampp\htdocs\WebappProyecto\system\Database\BaseConnection.php(391): CodeIgniter\Database\MySQLi\Connection->connect(false)
#1 C:\xampp\htdocs\WebappProyecto\system\Database\BaseConnection.php(573): CodeIgniter\Database\BaseConnection->initialize()
#2 C:\xampp\htdocs\WebappProyecto\system\Database\BaseBuilder.php(1602): CodeIgniter\Database\BaseConnection->query('SELECT 1\nFROM `...', Array, false)
#3 C:\xampp\htdocs\WebappProyecto\system\Validation\StrictRules\Rules.php(206): CodeIgniter\Database\BaseBuilder->get()
#4 C:\xampp\htdocs\WebappProyecto\system\Validation\Validation.php(312): CodeIgniter\Validation\StrictRules\Rules->is_unique('userAutorized@g...', 'email', Array, NULL, 'email')
#5 C:\xampp\htdocs\WebappProyecto\system\Validation\Validation.php(170): CodeIgniter\Validation\Validation->processRules('email', 'email', 'userAutorized@g...', Array, Array)
#6 C:\xampp\htdocs\WebappProyecto\system\BaseModel.php(1453): CodeIgniter\Validation\Validation->run(Array, NULL, NULL)
#7 C:\xampp\htdocs\WebappProyecto\system\BaseModel.php(745): CodeIgniter\BaseModel->validate(Array)
#8 C:\xampp\htdocs\WebappProyecto\system\Model.php(729): CodeIgniter\BaseModel->insert(Array, true)
#9 C:\xampp\htdocs\WebappProyecto\app\Controllers\User.php(105): CodeIgniter\Model->insert(Array)
#10 C:\xampp\htdocs\WebappProyecto\system\CodeIgniter.php(934): App\Controllers\User->register()
#11 C:\xampp\htdocs\WebappProyecto\system\CodeIgniter.php(499): CodeIgniter\CodeIgniter->runController(Object(App\Controllers\User))
#12 C:\xampp\htdocs\WebappProyecto\system\CodeIgniter.php(368): CodeIgniter\CodeIgniter->handleRequest(NULL, Object(Config\Cache), false)
#13 C:\xampp\htdocs\WebappProyecto\public\index.php(67): CodeIgniter\CodeIgniter->run()
#14 {main}
CRITICAL - 2023-03-25 21:17:22 --> Unable to connect to the database.
Main connection [MySQLi]: Access denied for user '****'@'localhost' (using password: YES)
in SYSTEMPATH\Database\BaseConnection.php on line 427.
 1 SYSTEMPATH\Database\BaseConnection.php(573): CodeIgniter\Database\BaseConnection->initialize()
 2 SYSTEMPATH\Database\BaseBuilder.php(1602): CodeIgniter\Database\BaseConnection->query('SELECT 1
FROM `user`
WHERE `email` = :email:
 LIMIT 1', [...], false)
 3 SYSTEMPATH\Validation\StrictRules\Rules.php(206): CodeIgniter\Database\BaseBuilder->get()
 4 SYSTEMPATH\Validation\Validation.php(312): CodeIgniter\Validation\StrictRules\Rules->is_unique('userAutorized@gmail.com', 'email', [...], null, 'email')
 5 SYSTEMPATH\Validation\Validation.php(170): CodeIgniter\Validation\Validation->processRules('email', 'email', 'userAutorized@gmail.com', [...], [...])
 6 SYSTEMPATH\BaseModel.php(1453): CodeIgniter\Validation\Validation->run([...], null, null)
 7 SYSTEMPATH\BaseModel.php(745): CodeIgniter\BaseModel->validate([...])
 8 SYSTEMPATH\Model.php(729): CodeIgniter\BaseModel->insert([...], true)
 9 APPPATH\Controllers\User.php(105): CodeIgniter\Model->insert([...])
10 SYSTEMPATH\CodeIgniter.php(934): App\Controllers\User->register()
11 SYSTEMPATH\CodeIgniter.php(499): CodeIgniter\CodeIgniter->runController(Object(App\Controllers\User))
12 SYSTEMPATH\CodeIgniter.php(368): CodeIgniter\CodeIgniter->handleRequest(null, Object(Config\Cache), false)
13 FCPATH\index.php(67): CodeIgniter\CodeIgniter->run()
ERROR - 2023-03-25 21:18:10 --> Error connecting to the database: mysqli_sql_exception: Access denied for user 'webappuser'@'localhost' (using password: YES) in C:\xampp\htdocs\WebappProyecto\system\Database\MySQLi\Connection.php:173
Stack trace:
#0 C:\xampp\htdocs\WebappProyecto\system\Database\MySQLi\Connection.php(173): mysqli->real_connect('localhost', 'webappuser', Object(SensitiveParameterValue), 'webappproyecto', 3306, '', 0)
#1 C:\xampp\htdocs\WebappProyecto\system\Database\BaseConnection.php(391): CodeIgniter\Database\MySQLi\Connection->connect(false)
#2 C:\xampp\htdocs\WebappProyecto\system\Database\BaseConnection.php(573): CodeIgniter\Database\BaseConnection->initialize()
#3 C:\xampp\htdocs\WebappProyecto\system\Database\BaseBuilder.php(1602): CodeIgniter\Database\BaseConnection->query('SELECT *\nFROM `...', Array, false)
#4 C:\xampp\htdocs\WebappProyecto\system\Model.php(240): CodeIgniter\Database\BaseBuilder->get()
#5 C:\xampp\htdocs\WebappProyecto\system\BaseModel.php(618): CodeIgniter\Model->doFindAll(0, 0)
#6 C:\xampp\htdocs\WebappProyecto\app\Controllers\Vivienda.php(8): CodeIgniter\BaseModel->findAll()
#7 C:\xampp\htdocs\WebappProyecto\system\CodeIgniter.php(934): App\Controllers\Vivienda->list()
#8 C:\xampp\htdocs\WebappProyecto\system\CodeIgniter.php(499): CodeIgniter\CodeIgniter->runController(Object(App\Controllers\Vivienda))
#9 C:\xampp\htdocs\WebappProyecto\system\CodeIgniter.php(368): CodeIgniter\CodeIgniter->handleRequest(NULL, Object(Config\Cache), false)
#10 C:\xampp\htdocs\WebappProyecto\public\index.php(67): CodeIgniter\CodeIgniter->run()
#11 {main}

Next CodeIgniter\Database\Exceptions\DatabaseException: Access denied for user '****'@'localhost' (using password: YES) in C:\xampp\htdocs\WebappProyecto\system\Database\MySQLi\Connection.php:218
Stack trace:
#0 C:\xampp\htdocs\WebappProyecto\system\Database\BaseConnection.php(391): CodeIgniter\Database\MySQLi\Connection->connect(false)
#1 C:\xampp\htdocs\WebappProyecto\system\Database\BaseConnection.php(573): CodeIgniter\Database\BaseConnection->initialize()
#2 C:\xampp\htdocs\WebappProyecto\system\Database\BaseBuilder.php(1602): CodeIgniter\Database\BaseConnection->query('SELECT *\nFROM `...', Array, false)
#3 C:\xampp\htdocs\WebappProyecto\system\Model.php(240): CodeIgniter\Database\BaseBuilder->get()
#4 C:\xampp\htdocs\WebappProyecto\system\BaseModel.php(618): CodeIgniter\Model->doFindAll(0, 0)
#5 C:\xampp\htdocs\WebappProyecto\app\Controllers\Vivienda.php(8): CodeIgniter\BaseModel->findAll()
#6 C:\xampp\htdocs\WebappProyecto\system\CodeIgniter.php(934): App\Controllers\Vivienda->list()
#7 C:\xampp\htdocs\WebappProyecto\system\CodeIgniter.php(499): CodeIgniter\CodeIgniter->runController(Object(App\Controllers\Vivienda))
#8 C:\xampp\htdocs\WebappProyecto\system\CodeIgniter.php(368): CodeIgniter\CodeIgniter->handleRequest(NULL, Object(Config\Cache), false)
#9 C:\xampp\htdocs\WebappProyecto\public\index.php(67): CodeIgniter\CodeIgniter->run()
#10 {main}
CRITICAL - 2023-03-25 21:18:10 --> Unable to connect to the database.
Main connection [MySQLi]: Access denied for user '****'@'localhost' (using password: YES)
in SYSTEMPATH\Database\BaseConnection.php on line 427.
 1 SYSTEMPATH\Database\BaseConnection.php(573): CodeIgniter\Database\BaseConnection->initialize()
 2 SYSTEMPATH\Database\BaseBuilder.php(1602): CodeIgniter\Database\BaseConnection->query('SELECT *
FROM `vivienda`', [], false)
 3 SYSTEMPATH\Model.php(240): CodeIgniter\Database\BaseBuilder->get()
 4 SYSTEMPATH\BaseModel.php(618): CodeIgniter\Model->doFindAll(0, 0)
 5 APPPATH\Controllers\Vivienda.php(8): CodeIgniter\BaseModel->findAll()
 6 SYSTEMPATH\CodeIgniter.php(934): App\Controllers\Vivienda->list()
 7 SYSTEMPATH\CodeIgniter.php(499): CodeIgniter\CodeIgniter->runController(Object(App\Controllers\Vivienda))
 8 SYSTEMPATH\CodeIgniter.php(368): CodeIgniter\CodeIgniter->handleRequest(null, Object(Config\Cache), false)
 9 FCPATH\index.php(67): CodeIgniter\CodeIgniter->run()
INFO - 2023-03-25 21:18:13 --> Session: Class initialized using 'CodeIgniter\Session\Handlers\FileHandler' driver.
INFO - 2023-03-25 21:18:14 --> Session: Class initialized using 'CodeIgniter\Session\Handlers\FileHandler' driver.
ERROR - 2023-03-25 21:18:18 --> Error connecting to the database: mysqli_sql_exception: Access denied for user 'webappuser'@'localhost' (using password: YES) in C:\xampp\htdocs\WebappProyecto\system\Database\MySQLi\Connection.php:173
Stack trace:
#0 C:\xampp\htdocs\WebappProyecto\system\Database\MySQLi\Connection.php(173): mysqli->real_connect('localhost', 'webappuser', Object(SensitiveParameterValue), 'webappproyecto', 3306, '', 0)
#1 C:\xampp\htdocs\WebappProyecto\system\Database\BaseConnection.php(391): CodeIgniter\Database\MySQLi\Connection->connect(false)
#2 C:\xampp\htdocs\WebappProyecto\system\Database\BaseConnection.php(573): CodeIgniter\Database\BaseConnection->initialize()
#3 C:\xampp\htdocs\WebappProyecto\system\Database\BaseBuilder.php(1602): CodeIgniter\Database\BaseConnection->query('SELECT *\nFROM `...', Array, false)
#4 C:\xampp\htdocs\WebappProyecto\system\Model.php(240): CodeIgniter\Database\BaseBuilder->get()
#5 C:\xampp\htdocs\WebappProyecto\system\BaseModel.php(618): CodeIgniter\Model->doFindAll(0, 0)
#6 C:\xampp\htdocs\WebappProyecto\app\Controllers\Vivienda.php(8): CodeIgniter\BaseModel->findAll()
#7 C:\xampp\htdocs\WebappProyecto\system\CodeIgniter.php(934): App\Controllers\Vivienda->list()
#8 C:\xampp\htdocs\WebappProyecto\system\CodeIgniter.php(499): CodeIgniter\CodeIgniter->runController(Object(App\Controllers\Vivienda))
#9 C:\xampp\htdocs\WebappProyecto\system\CodeIgniter.php(368): CodeIgniter\CodeIgniter->handleRequest(NULL, Object(Config\Cache), false)
#10 C:\xampp\htdocs\WebappProyecto\public\index.php(67): CodeIgniter\CodeIgniter->run()
#11 {main}

Next CodeIgniter\Database\Exceptions\DatabaseException: Access denied for user '****'@'localhost' (using password: YES) in C:\xampp\htdocs\WebappProyecto\system\Database\MySQLi\Connection.php:218
Stack trace:
#0 C:\xampp\htdocs\WebappProyecto\system\Database\BaseConnection.php(391): CodeIgniter\Database\MySQLi\Connection->connect(false)
#1 C:\xampp\htdocs\WebappProyecto\system\Database\BaseConnection.php(573): CodeIgniter\Database\BaseConnection->initialize()
#2 C:\xampp\htdocs\WebappProyecto\system\Database\BaseBuilder.php(1602): CodeIgniter\Database\BaseConnection->query('SELECT *\nFROM `...', Array, false)
#3 C:\xampp\htdocs\WebappProyecto\system\Model.php(240): CodeIgniter\Database\BaseBuilder->get()
#4 C:\xampp\htdocs\WebappProyecto\system\BaseModel.php(618): CodeIgniter\Model->doFindAll(0, 0)
#5 C:\xampp\htdocs\WebappProyecto\app\Controllers\Vivienda.php(8): CodeIgniter\BaseModel->findAll()
#6 C:\xampp\htdocs\WebappProyecto\system\CodeIgniter.php(934): App\Controllers\Vivienda->list()
#7 C:\xampp\htdocs\WebappProyecto\system\CodeIgniter.php(499): CodeIgniter\CodeIgniter->runController(Object(App\Controllers\Vivienda))
#8 C:\xampp\htdocs\WebappProyecto\system\CodeIgniter.php(368): CodeIgniter\CodeIgniter->handleRequest(NULL, Object(Config\Cache), false)
#9 C:\xampp\htdocs\WebappProyecto\public\index.php(67): CodeIgniter\CodeIgniter->run()
#10 {main}
CRITICAL - 2023-03-25 21:18:18 --> Unable to connect to the database.
Main connection [MySQLi]: Access denied for user '****'@'localhost' (using password: YES)
in SYSTEMPATH\Database\BaseConnection.php on line 427.
 1 SYSTEMPATH\Database\BaseConnection.php(573): CodeIgniter\Database\BaseConnection->initialize()
 2 SYSTEMPATH\Database\BaseBuilder.php(1602): CodeIgniter\Database\BaseConnection->query('SELECT *
FROM `vivienda`', [], false)
 3 SYSTEMPATH\Model.php(240): CodeIgniter\Database\BaseBuilder->get()
 4 SYSTEMPATH\BaseModel.php(618): CodeIgniter\Model->doFindAll(0, 0)
 5 APPPATH\Controllers\Vivienda.php(8): CodeIgniter\BaseModel->findAll()
 6 SYSTEMPATH\CodeIgniter.php(934): App\Controllers\Vivienda->list()
 7 SYSTEMPATH\CodeIgniter.php(499): CodeIgniter\CodeIgniter->runController(Object(App\Controllers\Vivienda))
 8 SYSTEMPATH\CodeIgniter.php(368): CodeIgniter\CodeIgniter->handleRequest(null, Object(Config\Cache), false)
 9 FCPATH\index.php(67): CodeIgniter\CodeIgniter->run()
INFO - 2023-03-25 21:20:15 --> Session: Class initialized using 'CodeIgniter\Session\Handlers\FileHandler' driver.
INFO - 2023-03-25 21:20:15 --> Session: Class initialized using 'CodeIgniter\Session\Handlers\FileHandler' driver.
INFO - 2023-03-25 21:20:17 --> Session: Class initialized using 'CodeIgniter\Session\Handlers\FileHandler' driver.
INFO - 2023-03-25 21:20:19 --> Session: Class initialized using 'CodeIgniter\Session\Handlers\FileHandler' driver.
INFO - 2023-03-25 21:20:19 --> Session: Class initialized using 'CodeIgniter\Session\Handlers\FileHandler' driver.
INFO - 2023-03-25 21:20:53 --> Session: Class initialized using 'CodeIgniter\Session\Handlers\FileHandler' driver.
INFO - 2023-03-25 21:21:00 --> Session: Class initialized using 'CodeIgniter\Session\Handlers\FileHandler' driver.
INFO - 2023-03-25 21:21:00 --> Session: Class initialized using 'CodeIgniter\Session\Handlers\FileHandler' driver.
INFO - 2023-03-25 21:22:32 --> Session: Class initialized using 'CodeIgniter\Session\Handlers\FileHandler' driver.
INFO - 2023-03-25 21:22:32 --> Session: Class initialized using 'CodeIgniter\Session\Handlers\FileHandler' driver.
INFO - 2023-03-25 21:22:35 --> Session: Class initialized using 'CodeIgniter\Session\Handlers\FileHandler' driver.
INFO - 2023-03-25 21:22:59 --> Session: Class initialized using 'CodeIgniter\Session\Handlers\FileHandler' driver.
ERROR - 2023-03-25 21:22:59 --> Error connecting to the database: mysqli_sql_exception: Access denied for user 'webappuser'@'localhost' (using password: YES) in C:\xampp\htdocs\WebappProyecto\system\Database\MySQLi\Connection.php:173
Stack trace:
#0 C:\xampp\htdocs\WebappProyecto\system\Database\MySQLi\Connection.php(173): mysqli->real_connect('localhost', 'webappuser', Object(SensitiveParameterValue), 'webappproyecto', 3306, '', 0)
#1 C:\xampp\htdocs\WebappProyecto\system\Database\BaseConnection.php(391): CodeIgniter\Database\MySQLi\Connection->connect(false)
#2 C:\xampp\htdocs\WebappProyecto\system\Database\BaseConnection.php(573): CodeIgniter\Database\BaseConnection->initialize()
#3 C:\xampp\htdocs\WebappProyecto\system\Database\BaseBuilder.php(1602): CodeIgniter\Database\BaseConnection->query('SELECT 1\nFROM `...', Array, false)
#4 C:\xampp\htdocs\WebappProyecto\system\Validation\StrictRules\Rules.php(206): CodeIgniter\Database\BaseBuilder->get()
#5 C:\xampp\htdocs\WebappProyecto\system\Validation\Validation.php(312): CodeIgniter\Validation\StrictRules\Rules->is_unique('rpg00035@red.uj...', 'email', Array, NULL, 'email')
#6 C:\xampp\htdocs\WebappProyecto\system\Validation\Validation.php(170): CodeIgniter\Validation\Validation->processRules('email', 'email', 'rpg00035@red.uj...', Array, Array)
#7 C:\xampp\htdocs\WebappProyecto\system\BaseModel.php(1453): CodeIgniter\Validation\Validation->run(Array, NULL, NULL)
#8 C:\xampp\htdocs\WebappProyecto\system\BaseModel.php(745): CodeIgniter\BaseModel->validate(Array)
#9 C:\xampp\htdocs\WebappProyecto\system\Model.php(729): CodeIgniter\BaseModel->insert(Array, true)
#10 C:\xampp\htdocs\WebappProyecto\app\Controllers\User.php(105): CodeIgniter\Model->insert(Array)
#11 C:\xampp\htdocs\WebappProyecto\system\CodeIgniter.php(934): App\Controllers\User->register()
#12 C:\xampp\htdocs\WebappProyecto\system\CodeIgniter.php(499): CodeIgniter\CodeIgniter->runController(Object(App\Controllers\User))
#13 C:\xampp\htdocs\WebappProyecto\system\CodeIgniter.php(368): CodeIgniter\CodeIgniter->handleRequest(NULL, Object(Config\Cache), false)
#14 C:\xampp\htdocs\WebappProyecto\public\index.php(67): CodeIgniter\CodeIgniter->run()
#15 {main}

Next CodeIgniter\Database\Exceptions\DatabaseException: Access denied for user '****'@'localhost' (using password: YES) in C:\xampp\htdocs\WebappProyecto\system\Database\MySQLi\Connection.php:218
Stack trace:
#0 C:\xampp\htdocs\WebappProyecto\system\Database\BaseConnection.php(391): CodeIgniter\Database\MySQLi\Connection->connect(false)
#1 C:\xampp\htdocs\WebappProyecto\system\Database\BaseConnection.php(573): CodeIgniter\Database\BaseConnection->initialize()
#2 C:\xampp\htdocs\WebappProyecto\system\Database\BaseBuilder.php(1602): CodeIgniter\Database\BaseConnection->query('SELECT 1\nFROM `...', Array, false)
#3 C:\xampp\htdocs\WebappProyecto\system\Validation\StrictRules\Rules.php(206): CodeIgniter\Database\BaseBuilder->get()
#4 C:\xampp\htdocs\WebappProyecto\system\Validation\Validation.php(312): CodeIgniter\Validation\StrictRules\Rules->is_unique('rpg00035@red.uj...', 'email', Array, NULL, 'email')
#5 C:\xampp\htdocs\WebappProyecto\system\Validation\Validation.php(170): CodeIgniter\Validation\Validation->processRules('email', 'email', 'rpg00035@red.uj...', Array, Array)
#6 C:\xampp\htdocs\WebappProyecto\system\BaseModel.php(1453): CodeIgniter\Validation\Validation->run(Array, NULL, NULL)
#7 C:\xampp\htdocs\WebappProyecto\system\BaseModel.php(745): CodeIgniter\BaseModel->validate(Array)
#8 C:\xampp\htdocs\WebappProyecto\system\Model.php(729): CodeIgniter\BaseModel->insert(Array, true)
#9 C:\xampp\htdocs\WebappProyecto\app\Controllers\User.php(105): CodeIgniter\Model->insert(Array)
#10 C:\xampp\htdocs\WebappProyecto\system\CodeIgniter.php(934): App\Controllers\User->register()
#11 C:\xampp\htdocs\WebappProyecto\system\CodeIgniter.php(499): CodeIgniter\CodeIgniter->runController(Object(App\Controllers\User))
#12 C:\xampp\htdocs\WebappProyecto\system\CodeIgniter.php(368): CodeIgniter\CodeIgniter->handleRequest(NULL, Object(Config\Cache), false)
#13 C:\xampp\htdocs\WebappProyecto\public\index.php(67): CodeIgniter\CodeIgniter->run()
#14 {main}
CRITICAL - 2023-03-25 21:22:59 --> Unable to connect to the database.
Main connection [MySQLi]: Access denied for user '****'@'localhost' (using password: YES)
in SYSTEMPATH\Database\BaseConnection.php on line 427.
 1 SYSTEMPATH\Database\BaseConnection.php(573): CodeIgniter\Database\BaseConnection->initialize()
 2 SYSTEMPATH\Database\BaseBuilder.php(1602): CodeIgniter\Database\BaseConnection->query('SELECT 1
FROM `user`
WHERE `email` = :email:
 LIMIT 1', [...], false)
 3 SYSTEMPATH\Validation\StrictRules\Rules.php(206): CodeIgniter\Database\BaseBuilder->get()
 4 SYSTEMPATH\Validation\Validation.php(312): CodeIgniter\Validation\StrictRules\Rules->is_unique('rpg00035@red.ujaen.es', 'email', [...], null, 'email')
 5 SYSTEMPATH\Validation\Validation.php(170): CodeIgniter\Validation\Validation->processRules('email', 'email', 'rpg00035@red.ujaen.es', [...], [...])
 6 SYSTEMPATH\BaseModel.php(1453): CodeIgniter\Validation\Validation->run([...], null, null)
 7 SYSTEMPATH\BaseModel.php(745): CodeIgniter\BaseModel->validate([...])
 8 SYSTEMPATH\Model.php(729): CodeIgniter\BaseModel->insert([...], true)
 9 APPPATH\Controllers\User.php(105): CodeIgniter\Model->insert([...])
10 SYSTEMPATH\CodeIgniter.php(934): App\Controllers\User->register()
11 SYSTEMPATH\CodeIgniter.php(499): CodeIgniter\CodeIgniter->runController(Object(App\Controllers\User))
12 SYSTEMPATH\CodeIgniter.php(368): CodeIgniter\CodeIgniter->handleRequest(null, Object(Config\Cache), false)
13 FCPATH\index.php(67): CodeIgniter\CodeIgniter->run()
INFO - 2023-03-25 21:26:28 --> Session: Class initialized using 'CodeIgniter\Session\Handlers\FileHandler' driver.
ERROR - 2023-03-25 21:26:28 --> Error connecting to the database: mysqli_sql_exception: Access denied for user 'webappuser'@'localhost' (using password: YES) in C:\xampp\htdocs\WebappProyecto\system\Database\MySQLi\Connection.php:173
Stack trace:
#0 C:\xampp\htdocs\WebappProyecto\system\Database\MySQLi\Connection.php(173): mysqli->real_connect('localhost', 'webappuser', Object(SensitiveParameterValue), 'webappproyecto', 3306, '', 0)
#1 C:\xampp\htdocs\WebappProyecto\system\Database\BaseConnection.php(391): CodeIgniter\Database\MySQLi\Connection->connect(false)
#2 C:\xampp\htdocs\WebappProyecto\system\Database\BaseConnection.php(573): CodeIgniter\Database\BaseConnection->initialize()
#3 C:\xampp\htdocs\WebappProyecto\system\Database\BaseBuilder.php(1602): CodeIgniter\Database\BaseConnection->query('SELECT 1\nFROM `...', Array, false)
#4 C:\xampp\htdocs\WebappProyecto\system\Validation\StrictRules\Rules.php(206): CodeIgniter\Database\BaseBuilder->get()
#5 C:\xampp\htdocs\WebappProyecto\system\Validation\Validation.php(312): CodeIgniter\Validation\StrictRules\Rules->is_unique('rpg00035@red.uj...', 'email', Array, NULL, 'email')
#6 C:\xampp\htdocs\WebappProyecto\system\Validation\Validation.php(170): CodeIgniter\Validation\Validation->processRules('email', 'email', 'rpg00035@red.uj...', Array, Array)
#7 C:\xampp\htdocs\WebappProyecto\system\BaseModel.php(1453): CodeIgniter\Validation\Validation->run(Array, NULL, NULL)
#8 C:\xampp\htdocs\WebappProyecto\system\BaseModel.php(745): CodeIgniter\BaseModel->validate(Array)
#9 C:\xampp\htdocs\WebappProyecto\system\Model.php(729): CodeIgniter\BaseModel->insert(Array, true)
#10 C:\xampp\htdocs\WebappProyecto\app\Controllers\User.php(105): CodeIgniter\Model->insert(Array)
#11 C:\xampp\htdocs\WebappProyecto\system\CodeIgniter.php(934): App\Controllers\User->register()
#12 C:\xampp\htdocs\WebappProyecto\system\CodeIgniter.php(499): CodeIgniter\CodeIgniter->runController(Object(App\Controllers\User))
#13 C:\xampp\htdocs\WebappProyecto\system\CodeIgniter.php(368): CodeIgniter\CodeIgniter->handleRequest(NULL, Object(Config\Cache), false)
#14 C:\xampp\htdocs\WebappProyecto\public\index.php(67): CodeIgniter\CodeIgniter->run()
#15 {main}

Next CodeIgniter\Database\Exceptions\DatabaseException: Access denied for user '****'@'localhost' (using password: YES) in C:\xampp\htdocs\WebappProyecto\system\Database\MySQLi\Connection.php:218
Stack trace:
#0 C:\xampp\htdocs\WebappProyecto\system\Database\BaseConnection.php(391): CodeIgniter\Database\MySQLi\Connection->connect(false)
#1 C:\xampp\htdocs\WebappProyecto\system\Database\BaseConnection.php(573): CodeIgniter\Database\BaseConnection->initialize()
#2 C:\xampp\htdocs\WebappProyecto\system\Database\BaseBuilder.php(1602): CodeIgniter\Database\BaseConnection->query('SELECT 1\nFROM `...', Array, false)
#3 C:\xampp\htdocs\WebappProyecto\system\Validation\StrictRules\Rules.php(206): CodeIgniter\Database\BaseBuilder->get()
#4 C:\xampp\htdocs\WebappProyecto\system\Validation\Validation.php(312): CodeIgniter\Validation\StrictRules\Rules->is_unique('rpg00035@red.uj...', 'email', Array, NULL, 'email')
#5 C:\xampp\htdocs\WebappProyecto\system\Validation\Validation.php(170): CodeIgniter\Validation\Validation->processRules('email', 'email', 'rpg00035@red.uj...', Array, Array)
#6 C:\xampp\htdocs\WebappProyecto\system\BaseModel.php(1453): CodeIgniter\Validation\Validation->run(Array, NULL, NULL)
#7 C:\xampp\htdocs\WebappProyecto\system\BaseModel.php(745): CodeIgniter\BaseModel->validate(Array)
#8 C:\xampp\htdocs\WebappProyecto\system\Model.php(729): CodeIgniter\BaseModel->insert(Array, true)
#9 C:\xampp\htdocs\WebappProyecto\app\Controllers\User.php(105): CodeIgniter\Model->insert(Array)
#10 C:\xampp\htdocs\WebappProyecto\system\CodeIgniter.php(934): App\Controllers\User->register()
#11 C:\xampp\htdocs\WebappProyecto\system\CodeIgniter.php(499): CodeIgniter\CodeIgniter->runController(Object(App\Controllers\User))
#12 C:\xampp\htdocs\WebappProyecto\system\CodeIgniter.php(368): CodeIgniter\CodeIgniter->handleRequest(NULL, Object(Config\Cache), false)
#13 C:\xampp\htdocs\WebappProyecto\public\index.php(67): CodeIgniter\CodeIgniter->run()
#14 {main}
CRITICAL - 2023-03-25 21:26:28 --> Unable to connect to the database.
Main connection [MySQLi]: Access denied for user '****'@'localhost' (using password: YES)
in SYSTEMPATH\Database\BaseConnection.php on line 427.
 1 SYSTEMPATH\Database\BaseConnection.php(573): CodeIgniter\Database\BaseConnection->initialize()
 2 SYSTEMPATH\Database\BaseBuilder.php(1602): CodeIgniter\Database\BaseConnection->query('SELECT 1
FROM `user`
WHERE `email` = :email:
 LIMIT 1', [...], false)
 3 SYSTEMPATH\Validation\StrictRules\Rules.php(206): CodeIgniter\Database\BaseBuilder->get()
 4 SYSTEMPATH\Validation\Validation.php(312): CodeIgniter\Validation\StrictRules\Rules->is_unique('rpg00035@red.ujaen.es', 'email', [...], null, 'email')
 5 SYSTEMPATH\Validation\Validation.php(170): CodeIgniter\Validation\Validation->processRules('email', 'email', 'rpg00035@red.ujaen.es', [...], [...])
 6 SYSTEMPATH\BaseModel.php(1453): CodeIgniter\Validation\Validation->run([...], null, null)
 7 SYSTEMPATH\BaseModel.php(745): CodeIgniter\BaseModel->validate([...])
 8 SYSTEMPATH\Model.php(729): CodeIgniter\BaseModel->insert([...], true)
 9 APPPATH\Controllers\User.php(105): CodeIgniter\Model->insert([...])
10 SYSTEMPATH\CodeIgniter.php(934): App\Controllers\User->register()
11 SYSTEMPATH\CodeIgniter.php(499): CodeIgniter\CodeIgniter->runController(Object(App\Controllers\User))
12 SYSTEMPATH\CodeIgniter.php(368): CodeIgniter\CodeIgniter->handleRequest(null, Object(Config\Cache), false)
13 FCPATH\index.php(67): CodeIgniter\CodeIgniter->run()
INFO - 2023-03-25 21:26:33 --> Session: Class initialized using 'CodeIgniter\Session\Handlers\FileHandler' driver.
INFO - 2023-03-25 21:28:06 --> Session: Class initialized using 'CodeIgniter\Session\Handlers\FileHandler' driver.
ERROR - 2023-03-25 21:28:06 --> Error connecting to the database: mysqli_sql_exception: Access denied for user 'webappuser'@'localhost' (using password: YES) in C:\xampp\htdocs\WebappProyecto\system\Database\MySQLi\Connection.php:173
Stack trace:
#0 C:\xampp\htdocs\WebappProyecto\system\Database\MySQLi\Connection.php(173): mysqli->real_connect('localhost', 'webappuser', Object(SensitiveParameterValue), 'webappproyecto', 3306, '', 0)
#1 C:\xampp\htdocs\WebappProyecto\system\Database\BaseConnection.php(391): CodeIgniter\Database\MySQLi\Connection->connect(false)
#2 C:\xampp\htdocs\WebappProyecto\system\Database\BaseConnection.php(573): CodeIgniter\Database\BaseConnection->initialize()
#3 C:\xampp\htdocs\WebappProyecto\system\Database\BaseBuilder.php(1602): CodeIgniter\Database\BaseConnection->query('SELECT 1\nFROM `...', Array, false)
#4 C:\xampp\htdocs\WebappProyecto\system\Validation\StrictRules\Rules.php(206): CodeIgniter\Database\BaseBuilder->get()
#5 C:\xampp\htdocs\WebappProyecto\system\Validation\Validation.php(312): CodeIgniter\Validation\StrictRules\Rules->is_unique('rpg00035@red.uj...', 'email', Array, NULL, 'email')
#6 C:\xampp\htdocs\WebappProyecto\system\Validation\Validation.php(170): CodeIgniter\Validation\Validation->processRules('email', 'email', 'rpg00035@red.uj...', Array, Array)
#7 C:\xampp\htdocs\WebappProyecto\system\BaseModel.php(1453): CodeIgniter\Validation\Validation->run(Array, NULL, NULL)
#8 C:\xampp\htdocs\WebappProyecto\system\BaseModel.php(745): CodeIgniter\BaseModel->validate(Array)
#9 C:\xampp\htdocs\WebappProyecto\system\Model.php(729): CodeIgniter\BaseModel->insert(Array, true)
#10 C:\xampp\htdocs\WebappProyecto\app\Controllers\User.php(105): CodeIgniter\Model->insert(Array)
#11 C:\xampp\htdocs\WebappProyecto\system\CodeIgniter.php(934): App\Controllers\User->register()
#12 C:\xampp\htdocs\WebappProyecto\system\CodeIgniter.php(499): CodeIgniter\CodeIgniter->runController(Object(App\Controllers\User))
#13 C:\xampp\htdocs\WebappProyecto\system\CodeIgniter.php(368): CodeIgniter\CodeIgniter->handleRequest(NULL, Object(Config\Cache), false)
#14 C:\xampp\htdocs\WebappProyecto\public\index.php(67): CodeIgniter\CodeIgniter->run()
#15 {main}

Next CodeIgniter\Database\Exceptions\DatabaseException: Access denied for user '****'@'localhost' (using password: YES) in C:\xampp\htdocs\WebappProyecto\system\Database\MySQLi\Connection.php:218
Stack trace:
#0 C:\xampp\htdocs\WebappProyecto\system\Database\BaseConnection.php(391): CodeIgniter\Database\MySQLi\Connection->connect(false)
#1 C:\xampp\htdocs\WebappProyecto\system\Database\BaseConnection.php(573): CodeIgniter\Database\BaseConnection->initialize()
#2 C:\xampp\htdocs\WebappProyecto\system\Database\BaseBuilder.php(1602): CodeIgniter\Database\BaseConnection->query('SELECT 1\nFROM `...', Array, false)
#3 C:\xampp\htdocs\WebappProyecto\system\Validation\StrictRules\Rules.php(206): CodeIgniter\Database\BaseBuilder->get()
#4 C:\xampp\htdocs\WebappProyecto\system\Validation\Validation.php(312): CodeIgniter\Validation\StrictRules\Rules->is_unique('rpg00035@red.uj...', 'email', Array, NULL, 'email')
#5 C:\xampp\htdocs\WebappProyecto\system\Validation\Validation.php(170): CodeIgniter\Validation\Validation->processRules('email', 'email', 'rpg00035@red.uj...', Array, Array)
#6 C:\xampp\htdocs\WebappProyecto\system\BaseModel.php(1453): CodeIgniter\Validation\Validation->run(Array, NULL, NULL)
#7 C:\xampp\htdocs\WebappProyecto\system\BaseModel.php(745): CodeIgniter\BaseModel->validate(Array)
#8 C:\xampp\htdocs\WebappProyecto\system\Model.php(729): CodeIgniter\BaseModel->insert(Array, true)
#9 C:\xampp\htdocs\WebappProyecto\app\Controllers\User.php(105): CodeIgniter\Model->insert(Array)
#10 C:\xampp\htdocs\WebappProyecto\system\CodeIgniter.php(934): App\Controllers\User->register()
#11 C:\xampp\htdocs\WebappProyecto\system\CodeIgniter.php(499): CodeIgniter\CodeIgniter->runController(Object(App\Controllers\User))
#12 C:\xampp\htdocs\WebappProyecto\system\CodeIgniter.php(368): CodeIgniter\CodeIgniter->handleRequest(NULL, Object(Config\Cache), false)
#13 C:\xampp\htdocs\WebappProyecto\public\index.php(67): CodeIgniter\CodeIgniter->run()
#14 {main}
CRITICAL - 2023-03-25 21:28:06 --> Unable to connect to the database.
Main connection [MySQLi]: Access denied for user '****'@'localhost' (using password: YES)
in SYSTEMPATH\Database\BaseConnection.php on line 427.
 1 SYSTEMPATH\Database\BaseConnection.php(573): CodeIgniter\Database\BaseConnection->initialize()
 2 SYSTEMPATH\Database\BaseBuilder.php(1602): CodeIgniter\Database\BaseConnection->query('SELECT 1
FROM `user`
WHERE `email` = :email:
 LIMIT 1', [...], false)
 3 SYSTEMPATH\Validation\StrictRules\Rules.php(206): CodeIgniter\Database\BaseBuilder->get()
 4 SYSTEMPATH\Validation\Validation.php(312): CodeIgniter\Validation\StrictRules\Rules->is_unique('rpg00035@red.ujaen.es', 'email', [...], null, 'email')
 5 SYSTEMPATH\Validation\Validation.php(170): CodeIgniter\Validation\Validation->processRules('email', 'email', 'rpg00035@red.ujaen.es', [...], [...])
 6 SYSTEMPATH\BaseModel.php(1453): CodeIgniter\Validation\Validation->run([...], null, null)
 7 SYSTEMPATH\BaseModel.php(745): CodeIgniter\BaseModel->validate([...])
 8 SYSTEMPATH\Model.php(729): CodeIgniter\BaseModel->insert([...], true)
 9 APPPATH\Controllers\User.php(105): CodeIgniter\Model->insert([...])
10 SYSTEMPATH\CodeIgniter.php(934): App\Controllers\User->register()
11 SYSTEMPATH\CodeIgniter.php(499): CodeIgniter\CodeIgniter->runController(Object(App\Controllers\User))
12 SYSTEMPATH\CodeIgniter.php(368): CodeIgniter\CodeIgniter->handleRequest(null, Object(Config\Cache), false)
13 FCPATH\index.php(67): CodeIgniter\CodeIgniter->run()
INFO - 2023-03-25 21:30:59 --> Session: Class initialized using 'CodeIgniter\Session\Handlers\FileHandler' driver.
INFO - 2023-03-25 21:31:04 --> Session: Class initialized using 'CodeIgniter\Session\Handlers\FileHandler' driver.
ERROR - 2023-03-25 21:31:05 --> Error connecting to the database: mysqli_sql_exception: Access denied for user 'webappuser'@'localhost' (using password: YES) in C:\xampp\htdocs\WebappProyecto\system\Database\MySQLi\Connection.php:173
Stack trace:
#0 C:\xampp\htdocs\WebappProyecto\system\Database\MySQLi\Connection.php(173): mysqli->real_connect('localhost', 'webappuser', Object(SensitiveParameterValue), 'webapp', 3306, '', 0)
#1 C:\xampp\htdocs\WebappProyecto\system\Database\BaseConnection.php(391): CodeIgniter\Database\MySQLi\Connection->connect(false)
#2 C:\xampp\htdocs\WebappProyecto\system\Database\BaseConnection.php(573): CodeIgniter\Database\BaseConnection->initialize()
#3 C:\xampp\htdocs\WebappProyecto\system\Database\BaseBuilder.php(1602): CodeIgniter\Database\BaseConnection->query('SELECT 1\nFROM `...', Array, false)
#4 C:\xampp\htdocs\WebappProyecto\system\Validation\StrictRules\Rules.php(206): CodeIgniter\Database\BaseBuilder->get()
#5 C:\xampp\htdocs\WebappProyecto\system\Validation\Validation.php(312): CodeIgniter\Validation\StrictRules\Rules->is_unique('rpg00035@red.uj...', 'email', Array, NULL, 'email')
#6 C:\xampp\htdocs\WebappProyecto\system\Validation\Validation.php(170): CodeIgniter\Validation\Validation->processRules('email', 'email', 'rpg00035@red.uj...', Array, Array)
#7 C:\xampp\htdocs\WebappProyecto\system\BaseModel.php(1453): CodeIgniter\Validation\Validation->run(Array, NULL, NULL)
#8 C:\xampp\htdocs\WebappProyecto\system\BaseModel.php(745): CodeIgniter\BaseModel->validate(Array)
#9 C:\xampp\htdocs\WebappProyecto\system\Model.php(729): CodeIgniter\BaseModel->insert(Array, true)
#10 C:\xampp\htdocs\WebappProyecto\app\Controllers\User.php(105): CodeIgniter\Model->insert(Array)
#11 C:\xampp\htdocs\WebappProyecto\system\CodeIgniter.php(934): App\Controllers\User->register()
#12 C:\xampp\htdocs\WebappProyecto\system\CodeIgniter.php(499): CodeIgniter\CodeIgniter->runController(Object(App\Controllers\User))
#13 C:\xampp\htdocs\WebappProyecto\system\CodeIgniter.php(368): CodeIgniter\CodeIgniter->handleRequest(NULL, Object(Config\Cache), false)
#14 C:\xampp\htdocs\WebappProyecto\public\index.php(67): CodeIgniter\CodeIgniter->run()
#15 {main}

Next CodeIgniter\Database\Exceptions\DatabaseException: Access denied for user '****'@'localhost' (using password: YES) in C:\xampp\htdocs\WebappProyecto\system\Database\MySQLi\Connection.php:218
Stack trace:
#0 C:\xampp\htdocs\WebappProyecto\system\Database\BaseConnection.php(391): CodeIgniter\Database\MySQLi\Connection->connect(false)
#1 C:\xampp\htdocs\WebappProyecto\system\Database\BaseConnection.php(573): CodeIgniter\Database\BaseConnection->initialize()
#2 C:\xampp\htdocs\WebappProyecto\system\Database\BaseBuilder.php(1602): CodeIgniter\Database\BaseConnection->query('SELECT 1\nFROM `...', Array, false)
#3 C:\xampp\htdocs\WebappProyecto\system\Validation\StrictRules\Rules.php(206): CodeIgniter\Database\BaseBuilder->get()
#4 C:\xampp\htdocs\WebappProyecto\system\Validation\Validation.php(312): CodeIgniter\Validation\StrictRules\Rules->is_unique('rpg00035@red.uj...', 'email', Array, NULL, 'email')
#5 C:\xampp\htdocs\WebappProyecto\system\Validation\Validation.php(170): CodeIgniter\Validation\Validation->processRules('email', 'email', 'rpg00035@red.uj...', Array, Array)
#6 C:\xampp\htdocs\WebappProyecto\system\BaseModel.php(1453): CodeIgniter\Validation\Validation->run(Array, NULL, NULL)
#7 C:\xampp\htdocs\WebappProyecto\system\BaseModel.php(745): CodeIgniter\BaseModel->validate(Array)
#8 C:\xampp\htdocs\WebappProyecto\system\Model.php(729): CodeIgniter\BaseModel->insert(Array, true)
#9 C:\xampp\htdocs\WebappProyecto\app\Controllers\User.php(105): CodeIgniter\Model->insert(Array)
#10 C:\xampp\htdocs\WebappProyecto\system\CodeIgniter.php(934): App\Controllers\User->register()
#11 C:\xampp\htdocs\WebappProyecto\system\CodeIgniter.php(499): CodeIgniter\CodeIgniter->runController(Object(App\Controllers\User))
#12 C:\xampp\htdocs\WebappProyecto\system\CodeIgniter.php(368): CodeIgniter\CodeIgniter->handleRequest(NULL, Object(Config\Cache), false)
#13 C:\xampp\htdocs\WebappProyecto\public\index.php(67): CodeIgniter\CodeIgniter->run()
#14 {main}
CRITICAL - 2023-03-25 21:31:05 --> Unable to connect to the database.
Main connection [MySQLi]: Access denied for user '****'@'localhost' (using password: YES)
in SYSTEMPATH\Database\BaseConnection.php on line 427.
 1 SYSTEMPATH\Database\BaseConnection.php(573): CodeIgniter\Database\BaseConnection->initialize()
 2 SYSTEMPATH\Database\BaseBuilder.php(1602): CodeIgniter\Database\BaseConnection->query('SELECT 1
FROM `user`
WHERE `email` = :email:
 LIMIT 1', [...], false)
 3 SYSTEMPATH\Validation\StrictRules\Rules.php(206): CodeIgniter\Database\BaseBuilder->get()
 4 SYSTEMPATH\Validation\Validation.php(312): CodeIgniter\Validation\StrictRules\Rules->is_unique('rpg00035@red.ujaen.es', 'email', [...], null, 'email')
 5 SYSTEMPATH\Validation\Validation.php(170): CodeIgniter\Validation\Validation->processRules('email', 'email', 'rpg00035@red.ujaen.es', [...], [...])
 6 SYSTEMPATH\BaseModel.php(1453): CodeIgniter\Validation\Validation->run([...], null, null)
 7 SYSTEMPATH\BaseModel.php(745): CodeIgniter\BaseModel->validate([...])
 8 SYSTEMPATH\Model.php(729): CodeIgniter\BaseModel->insert([...], true)
 9 APPPATH\Controllers\User.php(105): CodeIgniter\Model->insert([...])
10 SYSTEMPATH\CodeIgniter.php(934): App\Controllers\User->register()
11 SYSTEMPATH\CodeIgniter.php(499): CodeIgniter\CodeIgniter->runController(Object(App\Controllers\User))
12 SYSTEMPATH\CodeIgniter.php(368): CodeIgniter\CodeIgniter->handleRequest(null, Object(Config\Cache), false)
13 FCPATH\index.php(67): CodeIgniter\CodeIgniter->run()
INFO - 2023-03-25 22:02:43 --> Session: Class initialized using 'CodeIgniter\Session\Handlers\FileHandler' driver.
INFO - 2023-03-25 22:02:47 --> Session: Class initialized using 'CodeIgniter\Session\Handlers\FileHandler' driver.
INFO - 2023-03-25 22:03:04 --> Session: Class initialized using 'CodeIgniter\Session\Handlers\FileHandler' driver.
INFO - 2023-03-25 22:03:04 --> Session: Class initialized using 'CodeIgniter\Session\Handlers\FileHandler' driver.
INFO - 2023-03-25 22:05:48 --> Session: Class initialized using 'CodeIgniter\Session\Handlers\FileHandler' driver.
INFO - 2023-03-25 22:05:49 --> Session: Class initialized using 'CodeIgniter\Session\Handlers\FileHandler' driver.
INFO - 2023-03-25 22:06:03 --> Session: Class initialized using 'CodeIgniter\Session\Handlers\FileHandler' driver.
INFO - 2023-03-25 22:06:03 --> Session: Class initialized using 'CodeIgniter\Session\Handlers\FileHandler' driver.
INFO - 2023-03-25 22:06:33 --> Session: Class initialized using 'CodeIgniter\Session\Handlers\FileHandler' driver.
INFO - 2023-03-25 22:06:34 --> Session: Class initialized using 'CodeIgniter\Session\Handlers\FileHandler' driver.
INFO - 2023-03-25 22:06:37 --> Session: Class initialized using 'CodeIgniter\Session\Handlers\FileHandler' driver.
INFO - 2023-03-25 22:06:38 --> Session: Class initialized using 'CodeIgniter\Session\Handlers\FileHandler' driver.
INFO - 2023-03-25 22:06:39 --> Session: Class initialized using 'CodeIgniter\Session\Handlers\FileHandler' driver.
INFO - 2023-03-25 22:06:40 --> Session: Class initialized using 'CodeIgniter\Session\Handlers\FileHandler' driver.
INFO - 2023-03-25 22:06:41 --> Session: Class initialized using 'CodeIgniter\Session\Handlers\FileHandler' driver.
INFO - 2023-03-25 22:07:27 --> Session: Class initialized using 'CodeIgniter\Session\Handlers\FileHandler' driver.
INFO - 2023-03-25 22:07:27 --> Session: Class initialized using 'CodeIgniter\Session\Handlers\FileHandler' driver.
INFO - 2023-03-25 22:07:48 --> Session: Class initialized using 'CodeIgniter\Session\Handlers\FileHandler' driver.
INFO - 2023-03-25 22:07:49 --> Session: Class initialized using 'CodeIgniter\Session\Handlers\FileHandler' driver.
INFO - 2023-03-25 22:07:50 --> Session: Class initialized using 'CodeIgniter\Session\Handlers\FileHandler' driver.
INFO - 2023-03-25 22:07:59 --> Session: Class initialized using 'CodeIgniter\Session\Handlers\FileHandler' driver.
INFO - 2023-03-25 22:07:59 --> Session: Class initialized using 'CodeIgniter\Session\Handlers\FileHandler' driver.
INFO - 2023-03-25 22:08:00 --> Session: Class initialized using 'CodeIgniter\Session\Handlers\FileHandler' driver.
INFO - 2023-03-25 22:08:01 --> Session: Class initialized using 'CodeIgniter\Session\Handlers\FileHandler' driver.
INFO - 2023-03-25 22:08:04 --> Session: Class initialized using 'CodeIgniter\Session\Handlers\FileHandler' driver.
INFO - 2023-03-25 22:08:12 --> Session: Class initialized using 'CodeIgniter\Session\Handlers\FileHandler' driver.
INFO - 2023-03-25 22:08:41 --> Session: Class initialized using 'CodeIgniter\Session\Handlers\FileHandler' driver.
INFO - 2023-03-25 22:09:09 --> Session: Class initialized using 'CodeIgniter\Session\Handlers\FileHandler' driver.
INFO - 2023-03-25 22:09:10 --> Session: Class initialized using 'CodeIgniter\Session\Handlers\FileHandler' driver.
INFO - 2023-03-25 22:09:10 --> Session: Class initialized using 'CodeIgniter\Session\Handlers\FileHandler' driver.
INFO - 2023-03-25 22:09:44 --> Session: Class initialized using 'CodeIgniter\Session\Handlers\FileHandler' driver.
INFO - 2023-03-25 22:09:54 --> Session: Class initialized using 'CodeIgniter\Session\Handlers\FileHandler' driver.
INFO - 2023-03-25 22:10:07 --> Session: Class initialized using 'CodeIgniter\Session\Handlers\FileHandler' driver.
INFO - 2023-03-25 22:10:11 --> Session: Class initialized using 'CodeIgniter\Session\Handlers\FileHandler' driver.
CRITICAL - 2023-03-25 22:10:11 --> sizeof(): Argument #1 ($value) must be of type Countable|array, null given
in APPPATH\Views\vivienda\list.php on line 3.
 1 SYSTEMPATH\View\View.php(213): include()
 2 SYSTEMPATH\View\View.php(216): CodeIgniter\View\View->CodeIgniter\View\{closure}()
 3 SYSTEMPATH\Common.php(1177): CodeIgniter\View\View->render('vivienda/list', [], true)
 4 APPPATH\Controllers\Vivienda.php(11): view('vivienda/list', [...])
 5 SYSTEMPATH\CodeIgniter.php(934): App\Controllers\Vivienda->list()
 6 SYSTEMPATH\CodeIgniter.php(499): CodeIgniter\CodeIgniter->runController(Object(App\Controllers\Vivienda))
 7 SYSTEMPATH\CodeIgniter.php(368): CodeIgniter\CodeIgniter->handleRequest(null, Object(Config\Cache), false)
 8 FCPATH\index.php(67): CodeIgniter\CodeIgniter->run()
INFO - 2023-03-25 22:10:51 --> Session: Class initialized using 'CodeIgniter\Session\Handlers\FileHandler' driver.
INFO - 2023-03-25 22:11:17 --> Session: Class initialized using 'CodeIgniter\Session\Handlers\FileHandler' driver.
INFO - 2023-03-25 22:35:36 --> Session: Class initialized using 'CodeIgniter\Session\Handlers\FileHandler' driver.
INFO - 2023-03-25 22:57:20 --> Session: Class initialized using 'CodeIgniter\Session\Handlers\FileHandler' driver.
INFO - 2023-03-25 22:57:21 --> Session: Class initialized using 'CodeIgniter\Session\Handlers\FileHandler' driver.
CRITICAL - 2023-03-25 22:57:21 --> sizeof(): Argument #1 ($value) must be of type Countable|array, null given
in FCPATH\vivienda.php on line 2.
 1 APPPATH\Views\pages\novedades.php(176): include()
 2 SYSTEMPATH\View\View.php(213): include('APPPATH\\Views\\pages\\novedades.php')
 3 SYSTEMPATH\View\View.php(216): CodeIgniter\View\View->CodeIgniter\View\{closure}()
 4 SYSTEMPATH\Common.php(1177): CodeIgniter\View\View->render('pages/novedades', [], true)
 5 APPPATH\Controllers\Pages.php(51): view('pages/novedades')
 6 SYSTEMPATH\CodeIgniter.php(934): App\Controllers\Pages->viewNovedades()
 7 SYSTEMPATH\CodeIgniter.php(499): CodeIgniter\CodeIgniter->runController(Object(App\Controllers\Pages))
 8 SYSTEMPATH\CodeIgniter.php(368): CodeIgniter\CodeIgniter->handleRequest(null, Object(Config\Cache), false)
 9 FCPATH\index.php(67): CodeIgniter\CodeIgniter->run()
INFO - 2023-03-25 23:01:24 --> Session: Class initialized using 'CodeIgniter\Session\Handlers\FileHandler' driver.
CRITICAL - 2023-03-25 23:01:24 --> Undefined property: stdClass::$garaje
in APPPATH\Views\vivienda\list.php on line 18.
 1 APPPATH\Views\vivienda\list.php(18): CodeIgniter\Debug\Exceptions->errorHandler(2, 'Undefined property: stdClass::$garaje', 'APPPATH\\Views\\vivienda\\list.php', 18)
 2 SYSTEMPATH\View\View.php(213): include('APPPATH\\Views\\vivienda\\list.php')
 3 SYSTEMPATH\View\View.php(216): CodeIgniter\View\View->CodeIgniter\View\{closure}()
 4 SYSTEMPATH\Common.php(1177): CodeIgniter\View\View->render('vivienda/list', [], true)
 5 APPPATH\Controllers\Vivienda.php(11): view('vivienda/list', [...])
 6 SYSTEMPATH\CodeIgniter.php(934): App\Controllers\Vivienda->list()
 7 SYSTEMPATH\CodeIgniter.php(499): CodeIgniter\CodeIgniter->runController(Object(App\Controllers\Vivienda))
 8 SYSTEMPATH\CodeIgniter.php(368): CodeIgniter\CodeIgniter->handleRequest(null, Object(Config\Cache), false)
 9 FCPATH\index.php(67): CodeIgniter\CodeIgniter->run()
INFO - 2023-03-25 23:01:25 --> Session: Class initialized using 'CodeIgniter\Session\Handlers\FileHandler' driver.
CRITICAL - 2023-03-25 23:01:25 --> Undefined property: stdClass::$garaje
in APPPATH\Views\vivienda\list.php on line 18.
 1 APPPATH\Views\vivienda\list.php(18): CodeIgniter\Debug\Exceptions->errorHandler(2, 'Undefined property: stdClass::$garaje', 'APPPATH\\Views\\vivienda\\list.php', 18)
 2 SYSTEMPATH\View\View.php(213): include('APPPATH\\Views\\vivienda\\list.php')
 3 SYSTEMPATH\View\View.php(216): CodeIgniter\View\View->CodeIgniter\View\{closure}()
 4 SYSTEMPATH\Common.php(1177): CodeIgniter\View\View->render('vivienda/list', [], true)
 5 APPPATH\Controllers\Vivienda.php(11): view('vivienda/list', [...])
 6 SYSTEMPATH\CodeIgniter.php(934): App\Controllers\Vivienda->list()
 7 SYSTEMPATH\CodeIgniter.php(499): CodeIgniter\CodeIgniter->runController(Object(App\Controllers\Vivienda))
 8 SYSTEMPATH\CodeIgniter.php(368): CodeIgniter\CodeIgniter->handleRequest(null, Object(Config\Cache), false)
 9 FCPATH\index.php(67): CodeIgniter\CodeIgniter->run()
INFO - 2023-03-25 23:01:59 --> Session: Class initialized using 'CodeIgniter\Session\Handlers\FileHandler' driver.
INFO - 2023-03-25 23:02:04 --> Session: Class initialized using 'CodeIgniter\Session\Handlers\FileHandler' driver.
INFO - 2023-03-25 23:02:05 --> Session: Class initialized using 'CodeIgniter\Session\Handlers\FileHandler' driver.
CRITICAL - 2023-03-25 23:02:05 --> sizeof(): Argument #1 ($value) must be of type Countable|array, null given
in FCPATH\vivienda.php on line 2.
 1 APPPATH\Views\pages\novedades.php(176): include()
 2 SYSTEMPATH\View\View.php(213): include('APPPATH\\Views\\pages\\novedades.php')
 3 SYSTEMPATH\View\View.php(216): CodeIgniter\View\View->CodeIgniter\View\{closure}()
 4 SYSTEMPATH\Common.php(1177): CodeIgniter\View\View->render('pages/novedades', [], true)
 5 APPPATH\Controllers\Pages.php(51): view('pages/novedades')
 6 SYSTEMPATH\CodeIgniter.php(934): App\Controllers\Pages->viewNovedades()
 7 SYSTEMPATH\CodeIgniter.php(499): CodeIgniter\CodeIgniter->runController(Object(App\Controllers\Pages))
 8 SYSTEMPATH\CodeIgniter.php(368): CodeIgniter\CodeIgniter->handleRequest(null, Object(Config\Cache), false)
 9 FCPATH\index.php(67): CodeIgniter\CodeIgniter->run()
INFO - 2023-03-25 23:02:47 --> Session: Class initialized using 'CodeIgniter\Session\Handlers\FileHandler' driver.
CRITICAL - 2023-03-25 23:02:47 --> sizeof(): Argument #1 ($value) must be of type Countable|array, null given
in FCPATH\vivienda.php on line 2.
 1 APPPATH\Views\pages\novedades.php(176): include()
 2 SYSTEMPATH\View\View.php(213): include('APPPATH\\Views\\pages\\novedades.php')
 3 SYSTEMPATH\View\View.php(216): CodeIgniter\View\View->CodeIgniter\View\{closure}()
 4 SYSTEMPATH\Common.php(1177): CodeIgniter\View\View->render('pages/novedades', [], true)
 5 APPPATH\Controllers\Pages.php(51): view('pages/novedades')
 6 SYSTEMPATH\CodeIgniter.php(934): App\Controllers\Pages->viewNovedades()
 7 SYSTEMPATH\CodeIgniter.php(499): CodeIgniter\CodeIgniter->runController(Object(App\Controllers\Pages))
 8 SYSTEMPATH\CodeIgniter.php(368): CodeIgniter\CodeIgniter->handleRequest(null, Object(Config\Cache), false)
 9 FCPATH\index.php(67): CodeIgniter\CodeIgniter->run()
INFO - 2023-03-25 23:02:48 --> Session: Class initialized using 'CodeIgniter\Session\Handlers\FileHandler' driver.
CRITICAL - 2023-03-25 23:02:48 --> sizeof(): Argument #1 ($value) must be of type Countable|array, null given
in FCPATH\vivienda.php on line 2.
 1 APPPATH\Views\pages\novedades.php(176): include()
 2 SYSTEMPATH\View\View.php(213): include('APPPATH\\Views\\pages\\novedades.php')
 3 SYSTEMPATH\View\View.php(216): CodeIgniter\View\View->CodeIgniter\View\{closure}()
 4 SYSTEMPATH\Common.php(1177): CodeIgniter\View\View->render('pages/novedades', [], true)
 5 APPPATH\Controllers\Pages.php(51): view('pages/novedades')
 6 SYSTEMPATH\CodeIgniter.php(934): App\Controllers\Pages->viewNovedades()
 7 SYSTEMPATH\CodeIgniter.php(499): CodeIgniter\CodeIgniter->runController(Object(App\Controllers\Pages))
 8 SYSTEMPATH\CodeIgniter.php(368): CodeIgniter\CodeIgniter->handleRequest(null, Object(Config\Cache), false)
 9 FCPATH\index.php(67): CodeIgniter\CodeIgniter->run()
INFO - 2023-03-25 23:09:54 --> Session: Class initialized using 'CodeIgniter\Session\Handlers\FileHandler' driver.
CRITICAL - 2023-03-25 23:09:54 --> sizeof(): Argument #1 ($value) must be of type Countable|array, null given
in FCPATH\vivienda.php on line 2.
 1 APPPATH\Views\pages\novedades.php(176): include()
 2 SYSTEMPATH\View\View.php(213): include('APPPATH\\Views\\pages\\novedades.php')
 3 SYSTEMPATH\View\View.php(216): CodeIgniter\View\View->CodeIgniter\View\{closure}()
 4 SYSTEMPATH\Common.php(1177): CodeIgniter\View\View->render('pages/novedades', [], true)
 5 APPPATH\Controllers\Pages.php(51): view('pages/novedades', [...])
 6 SYSTEMPATH\CodeIgniter.php(934): App\Controllers\Pages->viewNovedades()
 7 SYSTEMPATH\CodeIgniter.php(499): CodeIgniter\CodeIgniter->runController(Object(App\Controllers\Pages))
 8 SYSTEMPATH\CodeIgniter.php(368): CodeIgniter\CodeIgniter->handleRequest(null, Object(Config\Cache), false)
 9 FCPATH\index.php(67): CodeIgniter\CodeIgniter->run()
INFO - 2023-03-25 23:09:55 --> Session: Class initialized using 'CodeIgniter\Session\Handlers\FileHandler' driver.
CRITICAL - 2023-03-25 23:09:55 --> sizeof(): Argument #1 ($value) must be of type Countable|array, null given
in FCPATH\vivienda.php on line 2.
 1 APPPATH\Views\pages\novedades.php(176): include()
 2 SYSTEMPATH\View\View.php(213): include('APPPATH\\Views\\pages\\novedades.php')
 3 SYSTEMPATH\View\View.php(216): CodeIgniter\View\View->CodeIgniter\View\{closure}()
 4 SYSTEMPATH\Common.php(1177): CodeIgniter\View\View->render('pages/novedades', [], true)
 5 APPPATH\Controllers\Pages.php(51): view('pages/novedades', [...])
 6 SYSTEMPATH\CodeIgniter.php(934): App\Controllers\Pages->viewNovedades()
 7 SYSTEMPATH\CodeIgniter.php(499): CodeIgniter\CodeIgniter->runController(Object(App\Controllers\Pages))
 8 SYSTEMPATH\CodeIgniter.php(368): CodeIgniter\CodeIgniter->handleRequest(null, Object(Config\Cache), false)
 9 FCPATH\index.php(67): CodeIgniter\CodeIgniter->run()
INFO - 2023-03-25 23:09:56 --> Session: Class initialized using 'CodeIgniter\Session\Handlers\FileHandler' driver.
CRITICAL - 2023-03-25 23:09:56 --> sizeof(): Argument #1 ($value) must be of type Countable|array, null given
in FCPATH\vivienda.php on line 2.
 1 APPPATH\Views\pages\novedades.php(176): include()
 2 SYSTEMPATH\View\View.php(213): include('APPPATH\\Views\\pages\\novedades.php')
 3 SYSTEMPATH\View\View.php(216): CodeIgniter\View\View->CodeIgniter\View\{closure}()
 4 SYSTEMPATH\Common.php(1177): CodeIgniter\View\View->render('pages/novedades', [], true)
 5 APPPATH\Controllers\Pages.php(51): view('pages/novedades', [...])
 6 SYSTEMPATH\CodeIgniter.php(934): App\Controllers\Pages->viewNovedades()
 7 SYSTEMPATH\CodeIgniter.php(499): CodeIgniter\CodeIgniter->runController(Object(App\Controllers\Pages))
 8 SYSTEMPATH\CodeIgniter.php(368): CodeIgniter\CodeIgniter->handleRequest(null, Object(Config\Cache), false)
 9 FCPATH\index.php(67): CodeIgniter\CodeIgniter->run()
CRITICAL - 2023-03-25 23:18:21 --> Undefined variable $data
in APPPATH\Controllers\Vivienda.php on line 56.
 1 APPPATH\Controllers\Vivienda.php(56): CodeIgniter\Debug\Exceptions->errorHandler(2, 'Undefined variable $data', 'APPPATH\\Controllers\\Vivienda.php', 56)
 2 SYSTEMPATH\CodeIgniter.php(934): App\Controllers\Vivienda->viewNovedades()
 3 SYSTEMPATH\CodeIgniter.php(499): CodeIgniter\CodeIgniter->runController(Object(App\Controllers\Vivienda))
 4 SYSTEMPATH\CodeIgniter.php(368): CodeIgniter\CodeIgniter->handleRequest(null, Object(Config\Cache), false)
 5 FCPATH\index.php(67): CodeIgniter\CodeIgniter->run()
INFO - 2023-03-25 23:19:07 --> Session: Class initialized using 'CodeIgniter\Session\Handlers\FileHandler' driver.
CRITICAL - 2023-03-25 23:19:07 --> Undefined variable $data
in APPPATH\Controllers\Vivienda.php on line 57.
 1 APPPATH\Controllers\Vivienda.php(57): CodeIgniter\Debug\Exceptions->errorHandler(2, 'Undefined variable $data', 'APPPATH\\Controllers\\Vivienda.php', 57)
 2 SYSTEMPATH\CodeIgniter.php(934): App\Controllers\Vivienda->viewNovedades()
 3 SYSTEMPATH\CodeIgniter.php(499): CodeIgniter\CodeIgniter->runController(Object(App\Controllers\Vivienda))
 4 SYSTEMPATH\CodeIgniter.php(368): CodeIgniter\CodeIgniter->handleRequest(null, Object(Config\Cache), false)
 5 FCPATH\index.php(67): CodeIgniter\CodeIgniter->run()
INFO - 2023-03-25 23:23:27 --> Session: Class initialized using 'CodeIgniter\Session\Handlers\FileHandler' driver.
INFO - 2023-03-25 23:23:28 --> Session: Class initialized using 'CodeIgniter\Session\Handlers\FileHandler' driver.
INFO - 2023-03-25 23:23:31 --> Session: Class initialized using 'CodeIgniter\Session\Handlers\FileHandler' driver.
INFO - 2023-03-25 23:33:13 --> Session: Class initialized using 'CodeIgniter\Session\Handlers\FileHandler' driver.
INFO - 2023-03-25 23:36:20 --> Session: Class initialized using 'CodeIgniter\Session\Handlers\FileHandler' driver.
INFO - 2023-03-25 23:36:21 --> Session: Class initialized using 'CodeIgniter\Session\Handlers\FileHandler' driver.
INFO - 2023-03-25 23:39:47 --> Session: Class initialized using 'CodeIgniter\Session\Handlers\FileHandler' driver.
INFO - 2023-03-25 23:40:00 --> Session: Class initialized using 'CodeIgniter\Session\Handlers\FileHandler' driver.
INFO - 2023-03-25 23:41:09 --> Session: Class initialized using 'CodeIgniter\Session\Handlers\FileHandler' driver.
INFO - 2023-03-25 23:41:12 --> Session: Class initialized using 'CodeIgniter\Session\Handlers\FileHandler' driver.
INFO - 2023-03-25 23:41:48 --> Session: Class initialized using 'CodeIgniter\Session\Handlers\FileHandler' driver.
CRITICAL - 2023-03-25 23:41:48 --> syntax error, unexpected token ";"
in FCPATH\vivienda.php on line 33.
 1 SYSTEMPATH\View\View.php(213): include()
 2 SYSTEMPATH\View\View.php(216): CodeIgniter\View\View->CodeIgniter\View\{closure}()
 3 SYSTEMPATH\Common.php(1177): CodeIgniter\View\View->render('pages/novedades', [], true)
 4 APPPATH\Controllers\Vivienda.php(39): view('pages/novedades', [...])
 5 SYSTEMPATH\CodeIgniter.php(934): App\Controllers\Vivienda->viewNovedades()
 6 SYSTEMPATH\CodeIgniter.php(499): CodeIgniter\CodeIgniter->runController(Object(App\Controllers\Vivienda))
 7 SYSTEMPATH\CodeIgniter.php(368): CodeIgniter\CodeIgniter->handleRequest(null, Object(Config\Cache), false)
 8 FCPATH\index.php(67): CodeIgniter\CodeIgniter->run()
INFO - 2023-03-25 23:42:08 --> Session: Class initialized using 'CodeIgniter\Session\Handlers\FileHandler' driver.
INFO - 2023-03-25 23:43:17 --> Session: Class initialized using 'CodeIgniter\Session\Handlers\FileHandler' driver.
INFO - 2023-03-25 23:46:25 --> Session: Class initialized using 'CodeIgniter\Session\Handlers\FileHandler' driver.
INFO - 2023-03-25 23:46:25 --> Session: Class initialized using 'CodeIgniter\Session\Handlers\FileHandler' driver.
INFO - 2023-03-25 23:48:07 --> Session: Class initialized using 'CodeIgniter\Session\Handlers\FileHandler' driver.
INFO - 2023-03-25 23:49:39 --> Session: Class initialized using 'CodeIgniter\Session\Handlers\FileHandler' driver.
INFO - 2023-03-25 23:51:50 --> Session: Class initialized using 'CodeIgniter\Session\Handlers\FileHandler' driver.
INFO - 2023-03-25 23:52:22 --> Session: Class initialized using 'CodeIgniter\Session\Handlers\FileHandler' driver.
INFO - 2023-03-25 23:54:47 --> Session: Class initialized using 'CodeIgniter\Session\Handlers\FileHandler' driver.
INFO - 2023-03-25 23:56:27 --> Session: Class initialized using 'CodeIgniter\Session\Handlers\FileHandler' driver.
